usage: base_train.py [-h] [--run RUN] [--data-dir DATA_DIR]
                     [--checkpoints-dir CHECKPOINTS_DIR]
                     [--device-type DEVICE_TYPE] [--parallel {ddp,dp}] [--fp8]
                     [--fp8-recipe {rowwise,tensorwise}] [--depth DEPTH]
                     [--aspect-ratio ASPECT_RATIO] [--model-dim MODEL_DIM]
                     [--head-dim HEAD_DIM] [--max-seq-len MAX_SEQ_LEN]
                     [--window-pattern WINDOW_PATTERN] [--use-moe]
                     [--use-perm] [--moe-num-experts MOE_NUM_EXPERTS]
                     [--moe-router-dim MOE_ROUTER_DIM]
                     [--moe-embed-dim MOE_EMBED_DIM] [--use-remix-linear]
                     [--remix-context-dim REMIX_CONTEXT_DIM]
                     [--remix-basis-size REMIX_BASIS_SIZE] [--use-pos-embed]
                     [--moe-use-abs-pos-embed {0,1}]
                     [--remix-use-basis-gate {0,1}]
                     [--remix-use-output-gate {0,1}]
                     [--remix-use-context {0,1}]
                     [--remix-basis-gate-mode {mlp,linear,centered,attn,random,none,lowrank}]
                     [--p22-n-templates P22_N_TEMPLATES]
                     [--p22-template-routing-learned {0,1}]
                     [--p22-template-topk P22_TEMPLATE_TOPK]
                     [--p22-attn-moe-route {none,sequence,token}]
                     [--p23-tiny-expert {0,1}] [--p23-n-experts P23_N_EXPERTS]
                     [--p23-topk P23_TOPK] [--p23-learned-route {0,1}]
                     [--p23-std-moe-experts P23_STD_MOE_EXPERTS]
                     [--p23-std-moe-topk P23_STD_MOE_TOPK]
                     [--p23-std-moe-aux-weight P23_STD_MOE_AUX_WEIGHT]
                     [--p23-lokr {0,1}] [--p26-output-gated-linear {0,1}]
                     [--p28-shared-basis {0,1}]
                     [--p28-chunk-routing-size P28_CHUNK_ROUTING_SIZE]
                     [--p28-global-template-bank {none,ffn,all}]
                     [--p28-attn-proj-templates P28_ATTN_PROJ_TEMPLATES]
                     [--p28-attn-qk-templates P28_ATTN_QK_TEMPLATES]
                     [--target-active-params {0,1}]
                     [--remix-basis-gate-rank REMIX_BASIS_GATE_RANK]
                     [--p23-lokr-rank P23_LOKR_RANK]
                     [--p23-use-shared-block-router {0,1}]
                     [--p23-linear-moe-experts P23_LINEAR_MOE_EXPERTS]
                     [--p23-linear-moe-topk P23_LINEAR_MOE_TOPK]
                     [--p23-quantile-route {0,1,2}]
                     [--remix-shared-context-gates {0,1}]
                     [--remix-use-dual-gate {0,1}]
                     [--gate-stats-every GATE_STATS_EVERY]
                     [--remix-basis-scale-factor REMIX_BASIS_SCALE_FACTOR]
                     [--remix-output-gate-rank REMIX_OUTPUT_GATE_RANK]
                     [--remix-gate-lr-scale REMIX_GATE_LR_SCALE]
                     [--p24-use-sliced-weight {0,1}]
                     [--p24-sliced-weight-reduction-scale P24_SLICED_WEIGHT_REDUCTION_SCALE]
                     [--p24-sliced-weight-min-select P24_SLICED_WEIGHT_MIN_SELECT]
                     [--p24-sliced-weight-scope {per_token,per_block,global}]
                     [--p24-sliced-weight-balance-coeff P24_SLICED_WEIGHT_BALANCE_COEFF]
                     [--p24-quantile-route {0,1,2}]
                     [--p24-use-folded-mod {0,1}]
                     [--p24-folded-mod-reduction-scale P24_FOLDED_MOD_REDUCTION_SCALE]
                     [--p24-folded-mod-min-dim P24_FOLDED_MOD_MIN_DIM]
                     [--p24-folded-mod-scope {per_layer,per_block,global}]
                     [--p24-folded-mod-gate-act {sigmoid,tanh_centered}]
                     [--p24-use-sequence-gated-linear {0,1}]
                     [--p24-sequence-gated-scope {per_layer,per_block,global}]
                     [--p24-sequence-gated-act {sigmoid,tanh_centered}]
                     [--cclblock-modulation {weight,normalization,householder,spectral,ocd,lie,polynomial,grassmann,decoupled,tucker,svs,vq,dcu,fsi,aesp,ckr,ckr_ffn,com,giad,psg,splitstream,lokr,pgr,cil,prb,arg,kfl}]
                     [--cclblock-orth-lambda CCLBLOCK_ORTH_LAMBDA]
                     [--cclblock-context-stream {local,shifted,ema,selective,multiscale,ssm,boundary,chunk,predictive_chunk,evidence_ssm,dacs,prefix,warmup_ema,dacs_ema,decay_prefix}]
                     [--cclblock-ema-factor CCLBLOCK_EMA_FACTOR]
                     [--cclblock-stale-ctx-lag CCLBLOCK_STALE_CTX_LAG]
                     [--cclblock-sparse-gate-k CCLBLOCK_SPARSE_GATE_K]
                     [--cclblock-gate-temperature CCLBLOCK_GATE_TEMPERATURE]
                     [--cclblock-context-bank-size CCLBLOCK_CONTEXT_BANK_SIZE]
                     [--cclblock-per-head-ctx {0,1}]
                     [--cclblock-context-source {norm_x,attn_heads,attn_geometry}]
                     [--cclblock-chunk-size CCLBLOCK_CHUNK_SIZE]
                     [--cclblock-aux-objective {none,boundary,entropy}]
                     [--cclblock-aux-lambda CCLBLOCK_AUX_LAMBDA]
                     [--cclblock-boundary-token-id CCLBLOCK_BOUNDARY_TOKEN_ID]
                     [--use-ral {0,1}] [--ral-rank RAL_RANK]
                     [--cclblock-film-gate {0,1}]
                     [--cclblock-attn-shadow-dim CCLBLOCK_ATTN_SHADOW_DIM]
                     [--cclblock-dynamic-ratio CCLBLOCK_DYNAMIC_RATIO]
                     [--cclblock-gate-rank CCLBLOCK_GATE_RANK]
                     [--cclblock-num-regimes CCLBLOCK_NUM_REGIMES]
                     [--cclblock-regime-temperature CCLBLOCK_REGIME_TEMPERATURE]
                     [--cclblock-poly-order CCLBLOCK_POLY_ORDER]
                     [--cclblock-lie-generators CCLBLOCK_LIE_GENERATORS]
                     [--cclblock-grassmann-bank-size CCLBLOCK_GRASSMANN_BANK_SIZE]
                     [--cclblock-tucker-rank CCLBLOCK_TUCKER_RANK]
                     [--cclblock-tucker-modes CCLBLOCK_TUCKER_MODES]
                     [--cclblock-svs-rank CCLBLOCK_SVS_RANK]
                     [--cclblock-svs-eps CCLBLOCK_SVS_EPS]
                     [--cclblock-vq-codes CCLBLOCK_VQ_CODES]
                     [--cclblock-vq-temperature CCLBLOCK_VQ_TEMPERATURE]
                     [--cclblock-dcu-warmup-steps CCLBLOCK_DCU_WARMUP_STEPS]
                     [--cclblock-fsi-rotations CCLBLOCK_FSI_ROTATIONS]
                     [--cclblock-fsi-selector-dim CCLBLOCK_FSI_SELECTOR_DIM]
                     [--cclblock-aesp-strata CCLBLOCK_AESP_STRATA]
                     [--cclblock-aesp-delta-rank CCLBLOCK_AESP_DELTA_RANK]
                     [--cclblock-ckr-branches CCLBLOCK_CKR_BRANCHES]
                     [--cclblock-ckr-kernel-size CCLBLOCK_CKR_KERNEL_SIZE]
                     [--cclblock-ckr-pos-channels CCLBLOCK_CKR_POS_CHANNELS]
                     [--cclblock-ckr-dual-optim {0,1}]
                     [--cclblock-ckr-content-bias CCLBLOCK_CKR_CONTENT_BIAS]
                     [--cclblock-giad-rank CCLBLOCK_GIAD_RANK]
                     [--cclblock-psg-kernel-size CCLBLOCK_PSG_KERNEL_SIZE]
                     [--cclblock-ss-dynamic-ratio CCLBLOCK_SS_DYNAMIC_RATIO]
                     [--cclblock-ss-branches CCLBLOCK_SS_BRANCHES]
                     [--cclblock-ss-kernel-size CCLBLOCK_SS_KERNEL_SIZE]
                     [--cclblock-lokr-branches CCLBLOCK_LOKR_BRANCHES]
                     [--cclblock-lokr-rank CCLBLOCK_LOKR_RANK]
                     [--cclblock-ckr-temp-start CCLBLOCK_CKR_TEMP_START]
                     [--cclblock-ckr-temp-end CCLBLOCK_CKR_TEMP_END]
                     [--cclblock-com-kernel-size CCLBLOCK_COM_KERNEL_SIZE]
                     [--cclblock-ckr-ortho-init {0,1}]
                     [--cclblock-ckr-branch-dropout CCLBLOCK_CKR_BRANCH_DROPOUT]
                     [--cclblock-ckr-diversity-lambda CCLBLOCK_CKR_DIVERSITY_LAMBDA]
                     [--cclblock-pgr-kernel-size CCLBLOCK_PGR_KERNEL_SIZE]
                     [--cclblock-cil-kernel-size CCLBLOCK_CIL_KERNEL_SIZE]
                     [--cclblock-prb-kernel-size CCLBLOCK_PRB_KERNEL_SIZE]
                     [--modulation-diagnostics {0,1}]
                     [--p18-layer-drop P18_LAYER_DROP]
                     [--p18-dynamic-activation {0,1}]
                     [--p18-mixture-norm {0,1}]
                     [--p18-aux-sim-lambda P18_AUX_SIM_LAMBDA]
                     [--p18-gradient-penalty P18_GRADIENT_PENALTY]
                     [--p18-per-channel-scale {0,1}]
                     [--p19-residual-gate {0,1}] [--p19-head-importance {0,1}]
                     [--p19-residual-mix-groups P19_RESIDUAL_MIX_GROUPS]
                     [--p19-attn-logit-bias {0,1}]
                     [--p19-residual-decay {0,1}]
                     [--p19-grad-equilibrium P19_GRAD_EQUILIBRIUM]
                     [--p19-spectral-reparam {0,1,2}]
                     [--p19-weight-anticollapse P19_WEIGHT_ANTICOLLAPSE]
                     [--p19-ve-bias {0,1}]
                     [--p19-weight-noise P19_WEIGHT_NOISE]
                     [--p20-hrcs-scale P20_HRCS_SCALE]
                     [--p20-lswr-scale P20_LSWR_SCALE]
                     [--p20-lswr-planes P20_LSWR_PLANES]
                     [--p20-lrcfb-branches P20_LRCFB_BRANCHES]
                     [--p20-lrcfb-narrow {0,1}] [--p20-lrcfb-learned {0,1}]
                     [--p20-lrcfb-topk P20_LRCFB_TOPK]
                     [--p20-dgcr-branches P20_DGCR_BRANCHES]
                     [--p20-dgcr-aux-weight P20_DGCR_AUX_WEIGHT]
                     [--p20-mone-experts P20_MONE_EXPERTS]
                     [--p20-mone-topk P20_MONE_TOPK] [--p20-mone-narrow {0,1}]
                     [--p20-mone-frozen {0,1}]
                     [--p20-ncea-branches P20_NCEA_BRANCHES]
                     [--p20-ncea-eps P20_NCEA_EPS] [--p20-adwi {0,1}]
                     [--p20-pwu-branches P20_PWU_BRANCHES]
                     [--p20-pwu-phase {1,2,3}] [--p20-fsvd-gate {0,1}]
                     [--p20-wbfc-clusters P20_WBFC_CLUSTERS]
                     [--p20-wbfc-active P20_WBFC_ACTIVE]
                     [--p21-per-experts P21_PER_EXPERTS]
                     [--p21-per-topk P21_PER_TOPK] [--p21-per-learned {0,1}]
                     [--p21-per-attn {0,1}] [--use-layer-context {0,1}]
                     [--router-context-window ROUTER_CONTEXT_WINDOW]
                     [--scale-basis-size {0,1}]
                     [--perm-expert-mode {full,low_rank,factored}]
                     [--perm-rank PERM_RANK] [--max-grad-norm MAX_GRAD_NORM]
                     [--perm-temp-start PERM_TEMP_START]
                     [--research-onecycle {0,1}] [--use-onecycle {0,1}]
                     [--research-warmup-ratio RESEARCH_WARMUP_RATIO]
                     [--num-iterations NUM_ITERATIONS]
                     [--target-tokens TARGET_TOKENS]
                     [--target-flops TARGET_FLOPS]
                     [--target-param-data-ratio TARGET_PARAM_DATA_RATIO]
                     [--device-batch-size DEVICE_BATCH_SIZE]
                     [--total-batch-size TOTAL_BATCH_SIZE]
                     [--embedding-lr EMBEDDING_LR]
                     [--unembedding-lr UNEMBEDDING_LR]
                     [--weight-decay WEIGHT_DECAY] [--matrix-lr MATRIX_LR]
                     [--scalar-lr SCALAR_LR] [--adam-beta1 ADAM_BETA1]
                     [--adam-beta2 ADAM_BETA2] [--disable-mu-p]
                     [--mu-p-scale-override MU_P_SCALE_OVERRIDE]
                     [--warmup-ratio WARMUP_RATIO]
                     [--warmdown-ratio WARMDOWN_RATIO]
                     [--final-lr-frac FINAL_LR_FRAC]
                     [--resume-from-step RESUME_FROM_STEP]
                     [--eval-every EVAL_EVERY] [--log-every LOG_EVERY]
                     [--eval-tokens EVAL_TOKENS]
                     [--core-metric-every CORE_METRIC_EVERY]
                     [--core-metric-max-per-task CORE_METRIC_MAX_PER_TASK]
                     [--sample-every SAMPLE_EVERY] [--save-every SAVE_EVERY]
                     [--compile | --no-compile]
                     [--tokenizer-dir TOKENIZER_DIR] [--max-shards MAX_SHARDS]
                     [--model-tag MODEL_TAG]
                     [--early-stop-tokens EARLY_STOP_TOKENS]
                     [--step-loss-file STEP_LOSS_FILE]
base_train.py: error: unrecognized arguments: --models base

                                                       █████                █████
                                                      ░░███                ░░███
     ████████    ██████   ████████    ██████   ██████  ░███████    ██████  ███████
    ░░███░░███  ░░░░░███ ░░███░░███  ███░░███ ███░░███ ░███░░███  ░░░░░███░░░███░
     ░███ ░███   ███████  ░███ ░███ ░███ ░███░███ ░░░  ░███ ░███   ███████  ░███
     ░███ ░███  ███░░███  ░███ ░███ ░███ ░███░███  ███ ░███ ░███  ███░░███  ░███ ███
     ████ █████░░████████ ████ █████░░██████ ░░██████  ████ █████░░███████  ░░█████
    ░░░░ ░░░░░  ░░░░░░░░ ░░░░ ░░░░░  ░░░░░░   ░░░░░░  ░░░░ ░░░░░  ░░░░░░░░   ░░░░░
    
