╔══════════════════════════════════════════════════════════════╗
║          Phase 23: Tiny Experts Sweep (14 experiments)     ║
║  depth=4  | log=sweep.log                               ║
╚══════════════════════════════════════════════════════════════╝


╔══════════════════════════════════════════════════════════════╗
║  [2]  23_REMIX_WEIGHT
║  Tiny RemixedLinear, weight mod, K=8, top-1
╚══════════════════════════════════════════════════════════════╝

Requested NPROC_PER_NODE=8, but only 1 GPU(s) visible. Capping.
Using NPROC_PER_NODE=1
NANOCHAT_SKIP_ENV_SETUP=0
===== GPU Info =====
Fri Apr 17 21:53:49 2026       
+-----------------------------------------------------------------------------------------+
| NVIDIA-SMI 580.126.09             Driver Version: 580.126.09     CUDA Version: 13.0     |
+-----------------------------------------+------------------------+----------------------+
| GPU  Name                 Persistence-M | Bus-Id          Disp.A | Volatile Uncorr. ECC |
| Fan  Temp   Perf          Pwr:Usage/Cap |           Memory-Usage | GPU-Util  Compute M. |
|                                         |                        |               MIG M. |
|=========================================+========================+======================|
|   0  NVIDIA GeForce RTX 3050 ...    Off |   00000000:01:00.0 Off |                  N/A |
| N/A   87C    P5             19W /   20W |      15MiB /   4096MiB |     19%      Default |
|                                         |                        |                  N/A |
+-----------------------------------------+------------------------+----------------------+

+-----------------------------------------------------------------------------------------+
| Processes:                                                                              |
|  GPU   GI   CI              PID   Type   Process name                        GPU Memory |
|        ID   ID                                                               Usage      |
|=========================================================================================|
|    0   N/A  N/A            1680      G   /usr/lib/xorg/Xorg                        4MiB |
+-----------------------------------------------------------------------------------------+
Starting Research Sweep. Output directory: out/research_sweep_20260417_215349
Resolved 142 packages in 13ms
Audited 129 packages in 24ms
Reset report and wrote header to out/report/header.md
Dataset (up to 170 shards) already exists in data, skipping download.
Tokenizer already exists in tokenizer, skipping training.
================================================================
Processing Depth: 4
================================================================
[sweep] Requested 8 DDP workers but only 1 GPU(s) available — using 1.
================================================================
Starting Sweep for Depth 4
Calculated Target Tokens: 121,111,872
================================================================
  Overriding default target_dim (128) with full model_dim 256

--- Training remixed-linear ---
Running: /home/seqaeon/Downloads/nanochat/.venv/bin/torchrun --standalone --nproc_per_node=1 -m scripts.base_train --depth 4 --aspect-ratio 64 --head-dim 128 --model-dim 256 --max-seq-len 2048 --device-batch-size 8 --total-batch-size 262144 --target-tokens 121111872 --eval-every -1 --log-every 200 --core-metric-every 0 --save-every -1 --warmup-ratio 0.15 --adam-beta2 0.99 --research-warmup-ratio 0.05 --use-onecycle 0 --router-context-window -1 --remix-use-basis-gate 1 --remix-use-output-gate 1 --remix-use-context 1 --p22-n-templates 1 --p22-template-routing-learned 0 --p22-attn-moe-route none --cclblock-modulation weight --cclblock-orth-lambda 0.0 --cclblock-context-stream selective --cclblock-ema-factor 0.99 --cclblock-stale-ctx-lag 0 --cclblock-sparse-gate-k 0 --cclblock-gate-temperature 1.0 --cclblock-context-bank-size 0 --cclblock-per-head-ctx 0 --cclblock-context-source norm_x --cclblock-chunk-size 0 --cclblock-aux-objective boundary --cclblock-aux-lambda 0.2 --cclblock-boundary-token-id 198 --use-ral 0 --ral-rank 32 --cclblock-film-gate 0 --cclblock-attn-shadow-dim 0 --cclblock-dynamic-ratio 0.25 --cclblock-gate-rank 8 --cclblock-num-regimes 8 --cclblock-regime-temperature 1.0 --cclblock-poly-order 2 --cclblock-lie-generators 4 --cclblock-grassmann-bank-size 4 --cclblock-tucker-rank 32 --cclblock-tucker-modes 8 --cclblock-svs-rank 64 --cclblock-svs-eps 0.1 --cclblock-vq-codes 8 --cclblock-vq-temperature 1.0 --cclblock-dcu-warmup-steps 0 --cclblock-fsi-rotations 8 --cclblock-fsi-selector-dim 64 --cclblock-aesp-strata 4 --cclblock-aesp-delta-rank 4 --cclblock-ckr-branches 4 --cclblock-ckr-kernel-size 64 --cclblock-ckr-pos-channels 1 --cclblock-ckr-dual-optim 0 --cclblock-ckr-content-bias 0.0 --cclblock-giad-rank 32 --cclblock-psg-kernel-size 64 --cclblock-ss-dynamic-ratio 0.25 --cclblock-ss-branches 2 --cclblock-ss-kernel-size 64 --cclblock-lokr-branches 8 --cclblock-lokr-rank 16 --cclblock-ckr-temp-start 2.0 --cclblock-ckr-temp-end 0.3 --cclblock-com-kernel-size 32 --cclblock-ckr-ortho-init 0 --cclblock-ckr-branch-dropout 0.0 --cclblock-ckr-diversity-lambda 0.0 --cclblock-pgr-kernel-size 64 --cclblock-cil-kernel-size 64 --cclblock-prb-kernel-size 64 --p18-layer-drop 0.0 --p18-dynamic-activation 0 --p18-mixture-norm 0 --p18-aux-sim-lambda 0.0 --p18-gradient-penalty 0.0 --p18-per-channel-scale 0 --p19-residual-gate 0 --p19-head-importance 0 --p19-residual-mix-groups 0 --p19-attn-logit-bias 0 --p19-residual-decay 0 --p19-grad-equilibrium 0.0 --p19-spectral-reparam 0 --p19-weight-anticollapse 0.0 --p19-ve-bias 0 --p19-weight-noise 0.0 --p20-hrcs-scale 0 --p20-lswr-scale 0 --p20-lswr-planes 8 --p20-lrcfb-branches 0 --p20-lrcfb-narrow 0 --p20-lrcfb-learned 0 --p20-lrcfb-topk 0 --p20-dgcr-branches 0 --p20-dgcr-aux-weight 0.01 --p20-mone-experts 0 --p20-mone-topk 0 --p20-mone-narrow 1 --p20-mone-frozen 0 --p20-ncea-branches 0 --p20-ncea-eps 0.1 --p20-adwi 0 --p20-pwu-branches 0 --p20-pwu-phase 1 --p20-fsvd-gate 0 --p20-wbfc-clusters 0 --p20-wbfc-active 0 --p21-per-experts 0 --p21-per-topk 0 --p21-per-learned 0 --p21-per-attn 0 --p23-tiny-expert 1 --p23-n-experts 8 --p23-topk 1 --p23-learned-route 1 --p23-std-moe-experts 0 --p23-std-moe-topk -1 --p23-std-moe-aux-weight 0.01 --p23-lokr 0 --p23-lokr-rank 4 --p23-use-shared-block-router 1 --p23-linear-moe-experts 0 --p23-linear-moe-topk 0 --no-compile --fp8 --tokenizer-dir tokenizer --data-dir data --max-shards 170 --use-remix-linear --moe-embed-dim 256 --moe-router-dim 256 --remix-context-dim 256 --remix-basis-size 256 --embedding-lr 0.104074 --unembedding-lr 0.0245175 --matrix-lr 0.0329274 --scalar-lr 0.152507 --checkpoints-dir /home/seqaeon/Downloads/nanochat/out/research_sweep_20260417_215349/depth_4/ckpt_remixed-linear --model-tag remixed-linear --mu-p-scale-override 1.7320508075688774

                                                       █████                █████
                                                      ░░███                ░░███
     ████████    ██████   ████████    ██████   ██████  ░███████    ██████  ███████
    ░░███░░███  ░░░░░███ ░░███░░███  ███░░███ ███░░███ ░███░░███  ░░░░░███░░░███░
     ░███ ░███   ███████  ░███ ░███ ░███ ░███░███ ░░░  ░███ ░███   ███████  ░███
     ░███ ░███  ███░░███  ░███ ░███ ░███ ░███░███  ███ ░███ ░███  ███░░███  ░███ ███
     ████ █████░░████████ ████ █████░░██████ ░░██████  ████ █████░░███████  ░░█████
    ░░░░ ░░░░░  ░░░░░░░░ ░░░░ ░░░░░  ░░░░░░   ░░░░░░  ░░░░ ░░░░░  ░░░░░░░░   ░░░░░
    
Autodetected device type: cuda
2026-04-17 21:54:17,050 - nanochat.common - [32m[1mINFO[0m - Distributed world size: 1
2026-04-17 21:54:17,051 - nanochat.common - [33m[1mWARNING[0m - Peak flops undefined for: NVIDIA GeForce RTX 3050 Ti Laptop GPU, MFU will show as 0%
GPU: NVIDIA GeForce RTX 3050 Ti Laptop GPU | Peak FLOPS (BF16): inf
COMPUTE_DTYPE: torch.bfloat16 (auto-detected: CUDA SM 86 (bf16 supported))
!!!!!!!!!!!!!!!!!!!!!!!!!!!!!!!!!!!!!!!!!!!!!!!!!!!!!!!!!!!!!!!!!!!!!!!!!!!!!!!!
WARNING: Flash Attention 3 not available, using PyTorch SDPA fallback
WARNING: Training will be less efficient without FA3
WARNING: SDPA has no support for sliding window attention (window_pattern='SSSL'). Your GPU utilization will be terrible.
WARNING: Recommend using --window-pattern L for full context attention without alternating sliding window patterns.
!!!!!!!!!!!!!!!!!!!!!!!!!!!!!!!!!!!!!!!!!!!!!!!!!!!!!!!!!!!!!!!!!!!!!!!!!!!!!!!!
[rank0]: Traceback (most recent call last):
[rank0]:   File "/home/seqaeon/.local/share/uv/python/cpython-3.10-linux-x86_64-gnu/lib/python3.10/runpy.py", line 196, in _run_module_as_main
[rank0]:     return _run_code(code, main_globals, None,
[rank0]:   File "/home/seqaeon/.local/share/uv/python/cpython-3.10-linux-x86_64-gnu/lib/python3.10/runpy.py", line 86, in _run_code
[rank0]:     exec(code, run_globals)
[rank0]:   File "/home/seqaeon/Downloads/nanochat/scripts/base_train.py", line 340, in <module>
[rank0]:     tokenizer = get_tokenizer(tokenizer_dir=args.tokenizer_dir)
[rank0]:   File "/home/seqaeon/Downloads/nanochat/nanochat/tokenizer.py", line 396, in get_tokenizer
[rank0]:     return RustBPETokenizer.from_directory(tokenizer_dir)
[rank0]:   File "/home/seqaeon/Downloads/nanochat/nanochat/tokenizer.py", line 196, in from_directory
[rank0]:     enc = pickle.load(f)
[rank0]: EOFError: Ran out of input
xperts 0 --p23-linear-moe-topk 0 --no-compile --fp8 --tokenizer-dir tokenizer --data-dir data --max-shards 170 --use-remix-linear --moe-embed-dim 256 --moe-router-dim 256 --remix-context-dim 256 --remix-basis-size 256 --embedding-lr 0.104074 --unembedding-lr 0.0245175 --matrix-lr 0.0329274 --scalar-lr 0.152507 --checkpoints-dir /home/seqaeon/Downloads/nanochat/out/research_sweep_20260417_215349/depth_4/ckpt_remixed-linear --model-tag remixed-linear --mu-p-scale-override 1.7320508075688774

                                                       █████                █████
                                                      ░░███                ░░███
     ████████    ██████   ████████    ██████   ██████  ░███████    ██████  ███████
    ░░███░░███  ░░░░░███ ░░███░░███  ███░░███ ███░░███ ░███░░███  ░░░░░███░░░███░
     ░███ ░███   ███████  ░███ ░███ ░███ ░███░███ ░░░  ░███ ░███   ███████  ░███
     ░███ ░███  ███░░███  ░███ ░███ ░███ ░███░███  ███ ░███ ░███  ███░░███  ░███ ███
     ████ █████░░████████ ████ █████░░██████ ░░██████  ████ █████░░███████  ░░█████
    ░░░░ ░░░░░  ░░░░░░░░ ░░░░ ░░░░░  ░░░░░░   ░░░░░░  ░░░░ ░░░░░  ░░░░░░░░   ░░░░░
    
Autodetected device type: cuda
2026-04-17 21:54:17,050 - nanochat.common - [32m[1mINFO[0m - Distributed world size: 1
2026-04-17 21:54:17,051 - nanochat.common - [33m[1mWARNING[0m - Peak flops undefined for: NVIDIA GeForce RTX 3050 Ti Laptop GPU, MFU will show as 0%
GPU: NVIDIA GeForce RTX 3050 Ti Laptop GPU | Peak FLOPS (BF16): inf
COMPUTE_DTYPE: torch.bfloat16 (auto-detected: CUDA SM 86 (bf16 supported))
!!!!!!!!!!!!!!!!!!!!!!!!!!!!!!!!!!!!!!!!!!!!!!!!!!!!!!!!!!!!!!!!!!!!!!!!!!!!!!!!
WARNING: Flash Attention 3 not available, using PyTorch SDPA fallback
WARNING: Training will be less efficient without FA3
WARNING: SDPA has no support for sliding window attention (window_pattern='SSSL'). Your GPU utilization will be terrible.
WARNING: Recommend using --window-pattern L for full context attention without alternating sliding window patterns.
!!!!!!!!!!!!!!!!!!!!!!!!!!!!!!!!!!!!!!!!!!!!!!!!!!!!!!!!!!!!!!!!!!!!!!!!!!!!!!!!
[rank0]: Traceback (most recent call last):
[rank0]:   File "/home/seqaeon/.local/share/uv/python/cpython-3.10-linux-x86_64-gnu/lib/python3.10/runpy.py", line 196, in _run_module_as_main
[rank0]:     return _run_code(code, main_globals, None,
[rank0]:   File "/home/seqaeon/.local/share/uv/python/cpython-3.10-linux-x86_64-gnu/lib/python3.10/runpy.py", line 86, in _run_code
[rank0]:     exec(code, run_globals)
[rank0]:   File "/home/seqaeon/Downloads/nanochat/scripts/base_train.py", line 340, in <module>
[rank0]:     tokenizer = get_tokenizer(tokenizer_dir=args.tokenizer_dir)
[rank0]:   File "/home/seqaeon/Downloads/nanochat/nanochat/tokenizer.py", line 396, in get_tokenizer
[rank0]:     return RustBPETokenizer.from_directory(tokenizer_dir)
[rank0]:   File "/home/seqaeon/Downloads/nanochat/nanochat/tokenizer.py", line 196, in from_directory
[rank0]:     enc = pickle.load(f)
[rank0]: EOFError: Ran out of input
