Requested NPROC_PER_NODE=8, but only 1 GPU(s) visible. Capping.
Using NPROC_PER_NODE=1
NANOCHAT_SKIP_ENV_SETUP=0
===== GPU Info =====
Wed May 13 15:50:27 2026       
+-----------------------------------------------------------------------------------------+
| NVIDIA-SMI 580.95.05              Driver Version: 580.95.05      CUDA Version: 13.0     |
+-----------------------------------------+------------------------+----------------------+
| GPU  Name                 Persistence-M | Bus-Id          Disp.A | Volatile Uncorr. ECC |
| Fan  Temp   Perf          Pwr:Usage/Cap |           Memory-Usage | GPU-Util  Compute M. |
|                                         |                        |               MIG M. |
|=========================================+========================+======================|
|   0  NVIDIA H200                    On  |   00000000:A5:00.0 Off |                    0 |
| N/A   28C    P0             73W /  700W |       0MiB / 143771MiB |      0%      Default |
|                                         |                        |             Disabled |
+-----------------------------------------+------------------------+----------------------+

+-----------------------------------------------------------------------------------------+
| Processes:                                                                              |
|  GPU   GI   CI              PID   Type   Process name                        GPU Memory |
|        ID   ID                                                               Usage      |
|=========================================================================================|
|  No running processes found                                                             |
+-----------------------------------------------------------------------------------------+
Starting Research Sweep. Output directory: out/p02_mst_sweep/S2E6_LEARNED_FFA_TOP1_CONCAT_ALL_D8
UV_SYSTEM_PYTHON=1: using system Python, skipping venv creation.
Validating system environment dependencies via uv...
[2mUsing Python 3.12.6 environment at: /usr/local[0m
[2mResolved [1m144 packages[0m [2min 600ms[0m[0m
[2mPrepared [1m11 packages[0m [2min 3.34s[0m[0m
[2mInstalled [1m11 packages[0m [2min 353ms[0m[0m
 [32m+[39m [1mapache-tvm-ffi[0m[2m==0.1.11[0m
 [32m+[39m [1mcuda-bindings[0m[2m==13.2.0[0m
 [32m+[39m [1mcuda-pathfinder[0m[2m==1.5.4[0m
 [32m+[39m [1mcuda-python[0m[2m==13.2.0[0m
 [32m+[39m [1meinops[0m[2m==0.8.2[0m
 [32m+[39m [1mflash-attn-4[0m[2m==4.0.0b13[0m
 [32m+[39m [1mnvidia-cutlass-dsl[0m[2m==4.5.0[0m
 [32m+[39m [1mnvidia-cutlass-dsl-libs-base[0m[2m==4.5.0[0m
 [32m+[39m [1mnvidia-cutlass-dsl-libs-cu13[0m[2m==4.5.0[0m
 [32m+[39m [1mquack-kernels[0m[2m==0.4.1[0m
 [32m+[39m [1mtorch-c-dlpack-ext[0m[2m==0.1.5[0m
Reset report and wrote header to out/report/header.md
Dataset (up to 300 shards) already exists in data, skipping download.
Tokenizer already exists in tokenizer, skipping training.
================================================================
Processing Depth: 8
================================================================
2026-05-13 15:51:04,787 - httpx - [32m[1mINFO[0m - HTTP Request: HEAD https://huggingface.co/varunneal/flash-attention-3/resolve/main/kernel-status.toml "HTTP/1.1 404 Not Found"
2026-05-13 15:51:04,924 - httpx - [32m[1mINFO[0m - HTTP Request: GET https://huggingface.co/api/models/varunneal/flash-attention-3/tree/main/build?recursive=false&expand=false "HTTP/1.1 200 OK"
2026-05-13 15:51:05,043 - httpx - [32m[1mINFO[0m - HTTP Request: GET https://huggingface.co/api/models/varunneal/flash-attention-3/revision/main "HTTP/1.1 200 OK"
[sweep] Requested 8 DDP workers but only 1 GPU(s) available — using 1.
================================================================
Starting Sweep for Depth 8
Target Tokens: 440,407,296
================================================================
  Overriding default target_dim (128) with full model_dim 512

--- Training base ---

  ┌─────────────────────────────────────────────────────┐
  │  🆕  STARTING FRESH: [base]
  │     No checkpoints found — training from scratch.
  └─────────────────────────────────────────────────────┘

Running: /usr/local/bin/torchrun --standalone --nproc_per_node=1 -m scripts.base_train --depth 8 --aspect-ratio 64 --head-dim 128 --model-dim 512 --max-seq-len 2048 --device-batch-size 128 --total-batch-size 262144 --target-tokens 440407296 --target-param-data-ratio 10.5 --eval-every -1 --log-every 200 --core-metric-every 0 --save-every 200 --warmup-ratio 0.005 --warmdown-ratio 0.65 --final-lr-frac 0.05 --adam-beta2 0.99 --research-warmup-ratio 0.05 --use-onecycle 0 --router-context-window -1 --remix-use-basis-gate 1 --remix-use-output-gate 1 --remix-use-context 1 --remix-basis-gate-mode mlp --remix-gate-lr-scale 0.3 --p22-n-templates 1 --p22-template-routing-learned 0 --p22-template-topk 0 --p22-attn-moe-route none --p26-output-gated-linear 0 --p28-shared-basis 0 --p28-chunk-routing-size 0 --p28-global-template-bank none --p28-attn-proj-templates 0 --p28-attn-qk-templates 0 --target-active-params 0 --remix-basis-gate-rank 8 --cclblock-modulation weight --cclblock-orth-lambda 0.0 --cclblock-context-stream local --cclblock-ema-factor 0.99 --cclblock-stale-ctx-lag 0 --cclblock-sparse-gate-k 0 --cclblock-gate-temperature 1.0 --cclblock-context-bank-size 0 --cclblock-per-head-ctx 0 --cclblock-context-source norm_x --cclblock-chunk-size 0 --cclblock-aux-objective none --cclblock-aux-lambda 0.1 --cclblock-boundary-token-id 198 --use-ral 0 --ral-rank 32 --cclblock-film-gate 0 --cclblock-attn-shadow-dim 0 --cclblock-dynamic-ratio 0.25 --cclblock-gate-rank 8 --cclblock-num-regimes 8 --cclblock-regime-temperature 1.0 --cclblock-poly-order 2 --cclblock-lie-generators 4 --cclblock-grassmann-bank-size 4 --cclblock-tucker-rank 32 --cclblock-tucker-modes 8 --cclblock-svs-rank 64 --cclblock-svs-eps 0.1 --cclblock-vq-codes 8 --cclblock-vq-temperature 1.0 --cclblock-dcu-warmup-steps 0 --cclblock-fsi-rotations 8 --cclblock-fsi-selector-dim 64 --cclblock-aesp-strata 4 --cclblock-aesp-delta-rank 4 --cclblock-ckr-branches 4 --cclblock-ckr-kernel-size 64 --cclblock-ckr-pos-channels 1 --cclblock-ckr-dual-optim 0 --cclblock-ckr-content-bias 0.0 --cclblock-giad-rank 32 --cclblock-psg-kernel-size 64 --cclblock-ss-dynamic-ratio 0.25 --cclblock-ss-branches 2 --cclblock-ss-kernel-size 64 --cclblock-lokr-branches 8 --cclblock-lokr-rank 16 --cclblock-ckr-temp-start 2.0 --cclblock-ckr-temp-end 0.3 --cclblock-com-kernel-size 32 --cclblock-ckr-ortho-init 0 --cclblock-ckr-branch-dropout 0.0 --cclblock-ckr-diversity-lambda 0.0 --cclblock-pgr-kernel-size 64 --cclblock-cil-kernel-size 64 --cclblock-prb-kernel-size 64 --p18-layer-drop 0.0 --p18-dynamic-activation 0 --p18-mixture-norm 0 --p18-aux-sim-lambda 0.0 --p18-gradient-penalty 0.0 --p18-per-channel-scale 0 --p19-residual-gate 0 --p19-head-importance 0 --p19-residual-mix-groups 0 --p19-attn-logit-bias 0 --p19-residual-decay 0 --p19-grad-equilibrium 0.0 --p19-spectral-reparam 0 --p19-weight-anticollapse 0.0 --p19-ve-bias 0 --p19-weight-noise 0.0 --p20-hrcs-scale 0 --p20-lswr-scale 0 --p20-lswr-planes 8 --p20-lrcfb-branches 0 --p20-lrcfb-narrow 0 --p20-lrcfb-learned 0 --p20-lrcfb-topk 0 --p20-dgcr-branches 0 --p20-dgcr-aux-weight 0.01 --p20-mone-experts 0 --p20-mone-topk 0 --p20-mone-narrow 1 --p20-mone-frozen 0 --p20-ncea-branches 0 --p20-ncea-eps 0.1 --p20-adwi 0 --p20-pwu-branches 0 --p20-pwu-phase 1 --p20-fsvd-gate 0 --p20-wbfc-clusters 0 --p20-wbfc-active 0 --p21-per-experts 0 --p21-per-topk 0 --p21-per-learned 0 --p21-per-attn 0 --p23-tiny-expert 0 --p23-n-experts 64 --p23-topk 16 --p23-learned-route 0 --p23-std-moe-experts 0 --p23-std-moe-topk -1 --p23-std-moe-aux-weight 0.01 --p23-lokr 0 --p23-lokr-rank 4 --p23-use-shared-block-router 0 --p23-linear-moe-experts 0 --p23-linear-moe-topk 0 --p23-quantile-route 0 --p24-use-sliced-weight 0 --p24-sliced-weight-reduction-scale 8 --p24-sliced-weight-min-select 128 --p24-sliced-weight-scope per_token --p24-sliced-weight-balance-coeff 0.01 --p24-quantile-route 0 --p24-use-folded-mod 0 --p24-folded-mod-reduction-scale 8 --p24-folded-mod-scope per_layer --p24-folded-mod-gate-act tanh_centered --p24-use-sequence-gated-linear 0 --p24-sequence-gated-scope per_layer --p24-sequence-gated-act tanh_centered --p24-folded-mod-min-dim 128 --remix-shared-context-gates 0 --remix-use-dual-gate 0 --remix-basis-scale-factor 4 --remix-output-gate-rank 16 --p24-use-sliced-weight 0 --p24-sliced-weight-reduction-scale 8 --p24-sliced-weight-min-select 128 --p24-sliced-weight-scope per_token --p24-sliced-weight-balance-coeff 0.01 --p24-quantile-route 0 --p24-use-folded-mod 0 --p24-folded-mod-reduction-scale 8 --p24-folded-mod-scope per_layer --p24-folded-mod-gate-act tanh_centered --p24-use-sequence-gated-linear 0 --p24-sequence-gated-scope per_layer --p24-sequence-gated-act tanh_centered --remix-disable-ln-basis 0 --dense-intermediate-ln 0 --use-mst 1 --mst-n-subs 8 --mst-sub-dim 64 --mst-head-dim 0 --mst-input-mode learned_proj --mst-rotated-slice-learned 0 --mst-routing-mode topk_hard --mst-routing-topk 1 --mst-routing-aux-weight 0.01 --mst-diversity-weight 0.0 --mst-ffn-mode standard --mst-transition-mode free_for_all --mst-final-mode concat_proj --mst-final-topk 0 --compile --tokenizer-dir tokenizer --data-dir data --max-shards 300 --checkpoints-dir /root/nanochat/out/p02_mst_sweep/S2E6_LEARNED_FFA_TOP1_CONCAT_ALL_D8/depth_8/ckpt_base --model-tag base
2026-05-13 15:51:27,215 - httpx - [32m[1mINFO[0m - HTTP Request: HEAD https://huggingface.co/varunneal/flash-attention-3/resolve/main/kernel-status.toml "HTTP/1.1 404 Not Found"
2026-05-13 15:51:27,364 - httpx - [32m[1mINFO[0m - HTTP Request: GET https://huggingface.co/api/models/varunneal/flash-attention-3/tree/main/build?recursive=false&expand=false "HTTP/1.1 200 OK"
2026-05-13 15:51:27,478 - httpx - [32m[1mINFO[0m - HTTP Request: GET https://huggingface.co/api/models/varunneal/flash-attention-3/revision/main "HTTP/1.1 200 OK"

                                                       █████                █████
                                                      ░░███                ░░███
     ████████    ██████   ████████    ██████   ██████  ░███████    ██████  ███████
    ░░███░░███  ░░░░░███ ░░███░░███  ███░░███ ███░░███ ░███░░███  ░░░░░███░░░███░
     ░███ ░███   ███████  ░███ ░███ ░███ ░███░███ ░░░  ░███ ░███   ███████  ░███
     ░███ ░███  ███░░███  ░███ ░███ ░███ ░███░███  ███ ░███ ░███  ███░░███  ░███ ███
     ████ █████░░████████ ████ █████░░██████ ░░██████  ████ █████░░███████  ░░█████
    ░░░░ ░░░░░  ░░░░░░░░ ░░░░ ░░░░░  ░░░░░░   ░░░░░░  ░░░░ ░░░░░  ░░░░░░░░   ░░░░░
    
Autodetected device type: cuda
2026-05-13 15:51:30,999 - nanochat.common - [32m[1mINFO[0m - Distributed world size: 1
GPU: NVIDIA H200 | Peak FLOPS (BF16): 9.89e+14
COMPUTE_DTYPE: torch.bfloat16 (auto-detected: CUDA SM 90 (bf16 supported))
✓ Using Flash Attention 3 (Hopper GPU detected) — efficient and fast.
Vocab size: 32,768
Model config:
{
  "sequence_len": 2048,
  "vocab_size": 32768,
  "n_layer": 8,
  "n_head": 4,
  "n_kv_head": 4,
  "n_embd": 512,
  "use_moe": false,
  "use_perm": false,
  "moe_num_experts": 8,
  "moe_router_dim": 64,
  "moe_embed_dim": 64,
  "dropout": 0.0,
  "use_remix_linear": false,
  "remix_context_dim": 64,
  "remix_context_dim_ratio": 6,
  "remix_basis_size": 64,
  "remix_output_gate_rank": 16,
  "remixed_linear_kwargs": {
    "use_basis_gate": true,
    "use_output_gate": true,
    "use_context": true,
    "basis_gate_mode": "mlp",
    "sparse_gate_k": 0,
    "gate_temperature": 1.0,
    "basis_scale_factor": 4,
    "n_templates": 1,
    "template_routing_learned": false,
    "template_topk": 0,
    "tiny_expert": false,
    "tiny_expert_topk": 16,
    "lokr_expert": false,
    "lokr_n_experts": 64,
    "lokr_topk": 16,
    "lokr_rank": 4,
    "lokr_learned": false,
    "basis_gate_rank": 8,
    "disable_ln_basis": false
  },
  "use_pos_embed": false,
  "moe_use_abs_pos_embed": false,
  "use_layer_context": true,
  "scale_basis_size": true,
  "remix_use_dual_gate": false,
  "p26_output_gated_linear": 0,
  "p28_shared_basis": 0,
  "p28_chunk_routing_size": 0,
  "p28_global_template_bank": "none",
  "p28_attn_proj_templates": 0,
  "p28_attn_qk_templates": 0,
  "perm_expert_mode": "low_rank",
  "perm_rank": 16,
  "router_context_window": -1,
  "router_causal": true,
  "router_num_heads": 4,
  "router_num_queries": 16,
  "router_n_layers": 2,
  "router_use_vocab_prior": false,
  "window_pattern": "SSSL",
  "cclblock_modulation": "weight",
  "cclblock_orth_lambda": 0.0,
  "cclblock_context_stream": "local",
  "cclblock_ema_factor": 0.99,
  "cclblock_stale_ctx_lag": 0,
  "cclblock_sparse_gate_k": 0,
  "cclblock_gate_temperature": 1.0,
  "cclblock_context_bank_size": 0,
  "cclblock_per_head_ctx": false,
  "cclblock_context_source": "norm_x",
  "cclblock_chunk_size": 0,
  "cclblock_aux_objective": "none",
  "cclblock_aux_lambda": 0.1,
  "cclblock_boundary_token_id": 198,
  "use_ral": false,
  "ral_rank": 32,
  "cclblock_film_gate": false,
  "cclblock_attn_shadow_dim": 0,
  "cclblock_dynamic_ratio": 0.25,
  "cclblock_gate_rank": 8,
  "cclblock_num_regimes": 8,
  "cclblock_regime_temperature": 1.0,
  "cclblock_poly_order": 2,
  "cclblock_lie_generators": 4,
  "cclblock_grassmann_bank_size": 4,
  "cclblock_tucker_rank": 32,
  "cclblock_tucker_modes": 8,
  "cclblock_svs_rank": 64,
  "cclblock_svs_eps": 0.1,
  "cclblock_vq_codes": 8,
  "cclblock_vq_temperature": 1.0,
  "cclblock_dcu_warmup_steps": 0,
  "cclblock_fsi_rotations": 8,
  "cclblock_fsi_selector_dim": 64,
  "cclblock_aesp_strata": 4,
  "cclblock_aesp_delta_rank": 4,
  "cclblock_ckr_branches": 4,
  "cclblock_ckr_kernel_size": 64,
  "cclblock_ckr_pos_channels": 1,
  "cclblock_ckr_dual_optim": 0,
  "cclblock_ckr_content_bias": 0.0,
  "cclblock_giad_rank": 32,
  "cclblock_psg_kernel_size": 64,
  "cclblock_ss_dynamic_ratio": 0.25,
  "cclblock_ss_branches": 2,
  "cclblock_ss_kernel_size": 64,
  "cclblock_lokr_branches": 8,
  "cclblock_lokr_rank": 16,
  "cclblock_ckr_temp_start": 2.0,
  "cclblock_ckr_temp_end": 0.3,
  "cclblock_com_kernel_size": 32,
  "cclblock_ckr_ortho_init": 0,
  "cclblock_ckr_branch_dropout": 0.0,
  "cclblock_ckr_diversity_lambda": 0.0,
  "cclblock_ckr_layer_selective": 0,
  "cclblock_pgr_kernel_size": 64,
  "cclblock_cil_kernel_size": 64,
  "cclblock_prb_kernel_size": 64,
  "p18_layer_drop": 0.0,
  "p18_dynamic_activation": 0,
  "p18_mixture_norm": 0,
  "p18_causal_attn_bias": 0,
  "p18_aux_sim_lambda": 0.0,
  "p18_gradient_penalty": 0.0,
  "p18_per_channel_scale": 0,
  "p19_residual_gate": 0,
  "p19_head_importance": 0,
  "p19_residual_mix_groups": 0,
  "p19_attn_logit_bias": 0,
  "p19_residual_decay": 0,
  "p19_grad_equilibrium": 0.0,
  "p19_spectral_reparam": 0,
  "p19_weight_anticollapse": 0.0,
  "p19_ve_bias": 0,
  "p19_weight_noise": 0.0,
  "p20_hrcs_scale": 0,
  "p20_lswr_scale": 0,
  "p20_lswr_planes": 8,
  "p20_lrcfb_branches": 0,
  "p20_lrcfb_narrow": 0,
  "p20_lrcfb_learned": 0,
  "p20_lrcfb_topk": 0,
  "p20_dgcr_branches": 0,
  "p20_dgcr_aux_weight": 0.01,
  "p20_mone_experts": 0,
  "p20_mone_topk": 0,
  "p20_mone_narrow": 1,
  "p20_mone_frozen": 0,
  "p20_ncea_branches": 0,
  "p20_ncea_eps": 0.1,
  "p20_adwi": 0,
  "p20_pwu_branches": 0,
  "p20_pwu_phase": 1,
  "p20_fsvd_gate": 0,
  "p20_wbfc_clusters": 0,
  "p20_wbfc_active": 0,
  "p21_per_experts": 0,
  "p21_per_topk": 0,
  "p21_per_learned": 0,
  "p21_per_attn": 0,
  "p22_attn_moe_route": "none",
  "p23_tiny_expert": 0,
  "p23_n_experts": 64,
  "p23_topk": 16,
  "p23_learned_route": 0,
  "p23_std_moe_experts": 0,
  "p23_std_moe_topk": -1,
  "p23_std_moe_aux_weight": 0.01,
  "p23_lokr": 0,
  "p23_lokr_rank": 4,
  "p23_use_shared_block_router": 0,
  "p23_linear_moe_experts": 0,
  "p23_linear_moe_topk": 0,
  "p23_quantile_route": 0,
  "remix_shared_context_gates": 0,
  "p24_use_sliced_weight": 0,
  "p24_sliced_weight_reduction_scale": 8,
  "p24_sliced_weight_min_select": 128,
  "p24_sliced_weight_scope": "per_token",
  "p24_sliced_weight_balance_coeff": 0.01,
  "p24_quantile_route": 0,
  "p24_use_folded_mod": 0,
  "p24_folded_mod_reduction_scale": 8,
  "p24_folded_mod_min_dim": 128,
  "p24_folded_mod_scope": "per_layer",
  "p24_folded_mod_gate_act": "tanh_centered",
  "p24_use_sequence_gated_linear": 0,
  "p24_sequence_gated_scope": "per_layer",
  "p24_sequence_gated_act": "tanh_centered",
  "remix_disable_ln_basis": 0,
  "dense_intermediate_ln": 0,
  "use_mst": true,
  "mst_n_subs": 8,
  "mst_sub_dim": 64,
  "mst_head_dim": 0,
  "mst_input_mode": "learned_proj",
  "mst_rotated_slice_learned": false,
  "mst_routing_mode": "topk_hard",
  "mst_routing_topk": 1,
  "mst_routing_aux_weight": 0.01,
  "mst_diversity_weight": 0.0,
  "mst_ffn_mode": "standard",
  "mst_transition_mode": "free_for_all",
  "mst_final_mode": "concat_proj",
  "mst_final_topk": -1
}
Checkpoints directory: /root/nanochat/out/p02_mst_sweep/S2E6_LEARNED_FFA_TOP1_CONCAT_ALL_D8/depth_8/ckpt_base/base
✓ Wrapping model with DistributedDataParallel (rank 0)
Parameter counts:
wte                     : 16,777,216
wpe                     : 0
value_embeds            : 8,388,608
lm_head                 : 16,777,216
transformer_matrices    : 3,707,392
research                : 0
scalars                 : 16
total                   : 45,650,448
Estimated FLOPs per token (total):  2.739027e+08
Estimated FLOPs per token (active): 1.692857e+08
Estimated active params:            42,894,352
Scaling LRs by 0.7071 for batch size 262,144 (reference: 524,288)
Scaling weight decay from 0.200000 to 0.074433 for depth 8
Scaling AdamW LRs ∝1/√(512/768) = 1.224745
Calculated number of iterations from target data:param ratio: 1,680
Total number of training tokens: 440,401,920
Tokens : Scaling params ratio: 21.50
Total training FLOPs estimate: 1.206273e+17
Using base scheduler: linear warmup/flat/linear warmdown
Tokens / micro-batch / rank: 128 x 2048 = 262,144
Tokens / micro-batch: 262,144
Total batch size 262,144 => gradient accumulation steps: 1
Running pre-compilation warmup (1 dummy forward+backward to init lazy allocations)...
[rank0]:W0513 15:51:33.367000 878 site-packages/torch/_logging/_internal.py:1199] [0/0] Profiler function <class 'torch.autograd.profiler.record_function'> will be ignored
[rank0]:[W513 16:09:01.749603809 reducer.cpp:1431] Warning: find_unused_parameters=True was specified in DDP constructor, but did not find any unused parameters in the forward pass. This flag results in an extra traversal of the autograd graph every iteration,  which can adversely affect performance. If your model indeed never has any unused parameters in the forward pass, consider turning this flag off. Note that this warning may be a false positive if your model has flow control causing later iterations to have unused parameters. (function operator())
Warmup complete. Steady-state VRAM: 0.6 GB allocated
step 00000/01680 (0.00%) | loss: 11.037440 | lrm: 0.12 | lr(adamw:5.088e-02, muon:1.768e-03) | dt: 1639.50ms | tok/sec: 159,892 | bf16_mfu: 4.43 | epoch: 1 pq: 0 rg: 1 | total time: 0.00m
2026-05-13 16:12:43,515 - nanochat.checkpoint_manager - [32m[1mINFO[0m - Saved model parameters to: /root/nanochat/out/p02_mst_sweep/S2E6_LEARNED_FFA_TOP1_CONCAT_ALL_D8/depth_8/ckpt_base/base/model_000200.pt
2026-05-13 16:12:43,519 - nanochat.checkpoint_manager - [32m[1mINFO[0m - Saved metadata to: /root/nanochat/out/p02_mst_sweep/S2E6_LEARNED_FFA_TOP1_CONCAT_ALL_D8/depth_8/ckpt_base/base/meta_000200.json
2026-05-13 16:12:43,827 - nanochat.checkpoint_manager - [32m[1mINFO[0m - Saved optimizer state to: /root/nanochat/out/p02_mst_sweep/S2E6_LEARNED_FFA_TOP1_CONCAT_ALL_D8/depth_8/ckpt_base/base/optim_000200_rank0.pt
step 00200/01680 (11.90%) | loss: 5.717364 | lrm: 1.00 | lr(adamw:4.071e-01, muon:1.414e-02) | dt: 610.14ms | tok/sec: 429,648 | bf16_mfu: 11.90 | epoch: 1 pq: 1 rg: 17 | total time: 1.94m | eta: 15.1m
2026-05-13 16:14:43,986 - nanochat.checkpoint_manager - [32m[1mINFO[0m - Saved model parameters to: /root/nanochat/out/p02_mst_sweep/S2E6_LEARNED_FFA_TOP1_CONCAT_ALL_D8/depth_8/ckpt_base/base/model_000400.pt
2026-05-13 16:14:43,988 - nanochat.checkpoint_manager - [32m[1mINFO[0m - Saved metadata to: /root/nanochat/out/p02_mst_sweep/S2E6_LEARNED_FFA_TOP1_CONCAT_ALL_D8/depth_8/ckpt_base/base/meta_000400.json
2026-05-13 16:14:44,292 - nanochat.checkpoint_manager - [32m[1mINFO[0m - Saved optimizer state to: /root/nanochat/out/p02_mst_sweep/S2E6_LEARNED_FFA_TOP1_CONCAT_ALL_D8/depth_8/ckpt_base/base/optim_000400_rank0.pt
Removed previous periodic checkpoint at step 000200
step 00400/01680 (23.81%) | loss: 5.273767 | lrm: 1.00 | lr(adamw:4.071e-01, muon:1.414e-02) | dt: 606.51ms | tok/sec: 432,219 | bf16_mfu: 11.97 | epoch: 1 pq: 2 rg: 30 | total time: 3.94m | eta: 12.9m
2026-05-13 16:16:45,395 - nanochat.checkpoint_manager - [32m[1mINFO[0m - Saved model parameters to: /root/nanochat/out/p02_mst_sweep/S2E6_LEARNED_FFA_TOP1_CONCAT_ALL_D8/depth_8/ckpt_base/base/model_000600.pt
2026-05-13 16:16:45,398 - nanochat.checkpoint_manager - [32m[1mINFO[0m - Saved metadata to: /root/nanochat/out/p02_mst_sweep/S2E6_LEARNED_FFA_TOP1_CONCAT_ALL_D8/depth_8/ckpt_base/base/meta_000600.json
2026-05-13 16:16:45,726 - nanochat.checkpoint_manager - [32m[1mINFO[0m - Saved optimizer state to: /root/nanochat/out/p02_mst_sweep/S2E6_LEARNED_FFA_TOP1_CONCAT_ALL_D8/depth_8/ckpt_base/base/optim_000600_rank0.pt
Removed previous periodic checkpoint at step 000400
step 00600/01680 (35.71%) | loss: 5.078987 | lrm: 0.99 | lr(adamw:4.028e-01, muon:1.399e-02) | dt: 619.45ms | tok/sec: 423,187 | bf16_mfu: 11.72 | epoch: 1 pq: 3 rg: 44 | total time: 5.95m | eta: 10.9m
2026-05-13 16:18:47,620 - nanochat.checkpoint_manager - [32m[1mINFO[0m - Saved model parameters to: /root/nanochat/out/p02_mst_sweep/S2E6_LEARNED_FFA_TOP1_CONCAT_ALL_D8/depth_8/ckpt_base/base/model_000800.pt
2026-05-13 16:18:47,624 - nanochat.checkpoint_manager - [32m[1mINFO[0m - Saved metadata to: /root/nanochat/out/p02_mst_sweep/S2E6_LEARNED_FFA_TOP1_CONCAT_ALL_D8/depth_8/ckpt_base/base/meta_000800.json
2026-05-13 16:18:47,931 - nanochat.checkpoint_manager - [32m[1mINFO[0m - Saved optimizer state to: /root/nanochat/out/p02_mst_sweep/S2E6_LEARNED_FFA_TOP1_CONCAT_ALL_D8/depth_8/ckpt_base/base/optim_000800_rank0.pt
Removed previous periodic checkpoint at step 000600
step 00800/01680 (47.62%) | loss: 4.955834 | lrm: 0.82 | lr(adamw:3.320e-01, muon:1.153e-02) | dt: 583.33ms | tok/sec: 449,388 | bf16_mfu: 12.45 | epoch: 1 pq: 4 rg: 58 | total time: 7.98m | eta: 8.9m
2026-05-13 16:20:49,677 - nanochat.checkpoint_manager - [32m[1mINFO[0m - Saved model parameters to: /root/nanochat/out/p02_mst_sweep/S2E6_LEARNED_FFA_TOP1_CONCAT_ALL_D8/depth_8/ckpt_base/base/model_001000.pt
2026-05-13 16:20:49,681 - nanochat.checkpoint_manager - [32m[1mINFO[0m - Saved metadata to: /root/nanochat/out/p02_mst_sweep/S2E6_LEARNED_FFA_TOP1_CONCAT_ALL_D8/depth_8/ckpt_base/base/meta_001000.json
2026-05-13 16:20:49,996 - nanochat.checkpoint_manager - [32m[1mINFO[0m - Saved optimizer state to: /root/nanochat/out/p02_mst_sweep/S2E6_LEARNED_FFA_TOP1_CONCAT_ALL_D8/depth_8/ckpt_base/base/optim_001000_rank0.pt
Removed previous periodic checkpoint at step 000800
step 01000/01680 (59.52%) | loss: 4.874586 | lrm: 0.64 | lr(adamw:2.612e-01, muon:9.073e-03) | dt: 597.92ms | tok/sec: 438,427 | bf16_mfu: 12.14 | epoch: 1 pq: 5 rg: 73 | total time: 10.00m | eta: 6.9m
2026-05-13 16:22:50,514 - nanochat.checkpoint_manager - [32m[1mINFO[0m - Saved model parameters to: /root/nanochat/out/p02_mst_sweep/S2E6_LEARNED_FFA_TOP1_CONCAT_ALL_D8/depth_8/ckpt_base/base/model_001200.pt
2026-05-13 16:22:50,516 - nanochat.checkpoint_manager - [32m[1mINFO[0m - Saved metadata to: /root/nanochat/out/p02_mst_sweep/S2E6_LEARNED_FFA_TOP1_CONCAT_ALL_D8/depth_8/ckpt_base/base/meta_001200.json
2026-05-13 16:22:50,843 - nanochat.checkpoint_manager - [32m[1mINFO[0m - Saved optimizer state to: /root/nanochat/out/p02_mst_sweep/S2E6_LEARNED_FFA_TOP1_CONCAT_ALL_D8/depth_8/ckpt_base/base/optim_001200_rank0.pt
Removed previous periodic checkpoint at step 001000
step 01200/01680 (71.43%) | loss: 4.821051 | lrm: 0.47 | lr(adamw:1.903e-01, muon:6.613e-03) | dt: 640.85ms | tok/sec: 409,055 | bf16_mfu: 11.33 | epoch: 1 pq: 7 rg: 5 | total time: 12.01m | eta: 4.8m
2026-05-13 16:24:51,152 - nanochat.checkpoint_manager - [32m[1mINFO[0m - Saved model parameters to: /root/nanochat/out/p02_mst_sweep/S2E6_LEARNED_FFA_TOP1_CONCAT_ALL_D8/depth_8/ckpt_base/base/model_001400.pt
2026-05-13 16:24:51,156 - nanochat.checkpoint_manager - [32m[1mINFO[0m - Saved metadata to: /root/nanochat/out/p02_mst_sweep/S2E6_LEARNED_FFA_TOP1_CONCAT_ALL_D8/depth_8/ckpt_base/base/meta_001400.json
2026-05-13 16:24:51,471 - nanochat.checkpoint_manager - [32m[1mINFO[0m - Saved optimizer state to: /root/nanochat/out/p02_mst_sweep/S2E6_LEARNED_FFA_TOP1_CONCAT_ALL_D8/depth_8/ckpt_base/base/optim_001400_rank0.pt
Removed previous periodic checkpoint at step 001200
step 01400/01680 (83.33%) | loss: 4.763464 | lrm: 0.29 | lr(adamw:1.195e-01, muon:4.152e-03) | dt: 696.29ms | tok/sec: 376,489 | bf16_mfu: 10.43 | epoch: 1 pq: 8 rg: 20 | total time: 14.01m | eta: 2.8m
2026-05-13 16:26:53,523 - nanochat.checkpoint_manager - [32m[1mINFO[0m - Saved model parameters to: /root/nanochat/out/p02_mst_sweep/S2E6_LEARNED_FFA_TOP1_CONCAT_ALL_D8/depth_8/ckpt_base/base/model_001600.pt
2026-05-13 16:26:53,525 - nanochat.checkpoint_manager - [32m[1mINFO[0m - Saved metadata to: /root/nanochat/out/p02_mst_sweep/S2E6_LEARNED_FFA_TOP1_CONCAT_ALL_D8/depth_8/ckpt_base/base/meta_001600.json
2026-05-13 16:26:53,856 - nanochat.checkpoint_manager - [32m[1mINFO[0m - Saved optimizer state to: /root/nanochat/out/p02_mst_sweep/S2E6_LEARNED_FFA_TOP1_CONCAT_ALL_D8/depth_8/ckpt_base/base/optim_001600_rank0.pt
Removed previous periodic checkpoint at step 001400
step 01600/01680 (95.24%) | loss: 4.729268 | lrm: 0.12 | lr(adamw:4.869e-02, muon:1.691e-03) | dt: 627.58ms | tok/sec: 417,706 | bf16_mfu: 11.57 | epoch: 1 pq: 9 rg: 34 | total time: 16.04m | eta: 0.8m
step 01679/01680 (99.94%) | loss: 4.726022 | lrm: 0.05 | lr(adamw:2.071e-02, muon:7.194e-04) | dt: 608.80ms | tok/sec: 430,592 | bf16_mfu: 11.93 | epoch: 1 pq: 9 rg: 73 | total time: 16.85m | eta: 0.0m
/usr/local/lib/python3.12/site-packages/torch/_dynamo/variables/functions.py:1598: UserWarning: Dynamo does not know how to trace the builtin `torch._C._distributed_c10d.pybind11_detail_function_record_v1_system_libstdcpp_gxx_abi_1xxx_use_cxx11_abi_1._broadcast_coalesced.` This function is either a Python builtin (e.g. _warnings.warn) or a third-party C/C++ Python extension (perhaps created with pybind).
If it is a Python builtin, please file an issue on GitHub so the PyTorch team can add support for it and see the next case for a workaround.
If it is a third-party C/C++ Python extension, please either wrap it into a PyTorch-understood custom operator (see https://pytorch.org/tutorials/advanced/custom_ops_landing_page.html for more details) or, if it is traceable, use `torch.compiler.allow_in_graph`.
  torch._dynamo.utils.warn_once(explanation + "\n" + "\n".join(hints))
Step 01680 | Validation bpb: 1.241481
<|bos|>The capital of France is a large, and the largest of the world's largest city in the world.
<|bos|>The chemical symbol of gold is a symbol of the fact that it is a symbol of the fact that it is
<|bos|>If yesterday was Friday, then tomorrow will be the first time to see the world's world. The world's world is now
<|bos|>The opposite of hot is the same as the "a" of the same type. The same is the
<|bos|>The planets of the solar system are: the planets of the solar system. The planets of the solar system are the planets
<|bos|>My favorite color is the color of the color, and the color of the color is the color of
<|bos|>If 5*x + 3 = 13, then x is 5*x + 5*x + 5*x + 
2026-05-13 16:40:23,977 - nanochat.checkpoint_manager - [32m[1mINFO[0m - Saved model parameters to: /root/nanochat/out/p02_mst_sweep/S2E6_LEARNED_FFA_TOP1_CONCAT_ALL_D8/depth_8/ckpt_base/base/model_001680.pt
2026-05-13 16:40:23,980 - nanochat.checkpoint_manager - [32m[1mINFO[0m - Saved metadata to: /root/nanochat/out/p02_mst_sweep/S2E6_LEARNED_FFA_TOP1_CONCAT_ALL_D8/depth_8/ckpt_base/base/meta_001680.json
2026-05-13 16:40:24,292 - nanochat.checkpoint_manager - [32m[1mINFO[0m - Saved optimizer state to: /root/nanochat/out/p02_mst_sweep/S2E6_LEARNED_FFA_TOP1_CONCAT_ALL_D8/depth_8/ckpt_base/base/optim_001680_rank0.pt
step 01680/01680 (final) | loss: 4.726022 | early_stop: 0
Peak memory usage: 61827.50MiB
Total training time: 16.85m
Minimum validation bpb: 1.241481
[MST] Results appended → /root/nanochat/out/p02_mst_sweep/S2E6_LEARNED_FFA_TOP1_CONCAT_ALL_D8/depth_8/ckpt_base/mst_results.csv
[MST] Results also appended → /root/nanochat/mst_results.csv
Final Validation BPB for base: 1.2415

--- Generating Report ---
Saved plot to out/p02_mst_sweep/S2E6_LEARNED_FFA_TOP1_CONCAT_ALL_D8/depth_8/comparison_depth_8.png
Saved TSV data to out/p02_mst_sweep/S2E6_LEARNED_FFA_TOP1_CONCAT_ALL_D8/depth_8/results_depth_8.tsv
Generating report to out/report/report.md
Copying report.md to current directory for convenience
================================================================
Sweep Complete! Results saved to out/p02_mst_sweep/S2E6_LEARNED_FFA_TOP1_CONCAT_ALL_D8
================================================================
Requested NPROC_PER_NODE=8, but only 1 GPU(s) visible. Capping.
Using NPROC_PER_NODE=1
NANOCHAT_SKIP_ENV_SETUP=0
===== GPU Info =====
Wed May 13 16:40:40 2026       
+-----------------------------------------------------------------------------------------+
| NVIDIA-SMI 580.95.05              Driver Version: 580.95.05      CUDA Version: 13.0     |
+-----------------------------------------+------------------------+----------------------+
| GPU  Name                 Persistence-M | Bus-Id          Disp.A | Volatile Uncorr. ECC |
| Fan  Temp   Perf          Pwr:Usage/Cap |           Memory-Usage | GPU-Util  Compute M. |
|                                         |                        |               MIG M. |
|=========================================+========================+======================|
|   0  NVIDIA H200                    On  |   00000000:A5:00.0 Off |                    0 |
| N/A   32C    P0             73W /  700W |       0MiB / 143771MiB |      0%      Default |
|                                         |                        |             Disabled |
+-----------------------------------------+------------------------+----------------------+

+-----------------------------------------------------------------------------------------+
| Processes:                                                                              |
|  GPU   GI   CI              PID   Type   Process name                        GPU Memory |
|        ID   ID                                                               Usage      |
|=========================================================================================|
|  No running processes found                                                             |
+-----------------------------------------------------------------------------------------+
Starting Research Sweep. Output directory: out/p02_mst_sweep/S2E7_LEARNED_FFA_TOP1_CONCAT_TOP1_D8
UV_SYSTEM_PYTHON=1: using system Python, skipping venv creation.
Validating system environment dependencies via uv...
[2mUsing Python 3.12.6 environment at: /usr/local[0m
[2mAudited [1m1 package[0m [2min 49ms[0m[0m
Reset report and wrote header to out/report/header.md
Dataset (up to 300 shards) already exists in data, skipping download.
Tokenizer already exists in tokenizer, skipping training.
================================================================
Processing Depth: 8
================================================================
2026-05-13 16:41:06,792 - httpx - [32m[1mINFO[0m - HTTP Request: HEAD https://huggingface.co/varunneal/flash-attention-3/resolve/main/kernel-status.toml "HTTP/1.1 404 Not Found"
2026-05-13 16:41:06,926 - httpx - [32m[1mINFO[0m - HTTP Request: GET https://huggingface.co/api/models/varunneal/flash-attention-3/tree/main/build?recursive=false&expand=false "HTTP/1.1 200 OK"
2026-05-13 16:41:07,141 - httpx - [32m[1mINFO[0m - HTTP Request: GET https://huggingface.co/api/models/varunneal/flash-attention-3/revision/main "HTTP/1.1 200 OK"
[sweep] Requested 8 DDP workers but only 1 GPU(s) available — using 1.
================================================================
Starting Sweep for Depth 8
Target Tokens: 440,407,296
================================================================
  Overriding default target_dim (128) with full model_dim 512

--- Training base ---

  ┌─────────────────────────────────────────────────────┐
  │  🆕  STARTING FRESH: [base]
  │     No checkpoints found — training from scratch.
  └─────────────────────────────────────────────────────┘

Running: /usr/local/bin/torchrun --standalone --nproc_per_node=1 -m scripts.base_train --depth 8 --aspect-ratio 64 --head-dim 128 --model-dim 512 --max-seq-len 2048 --device-batch-size 128 --total-batch-size 262144 --target-tokens 440407296 --target-param-data-ratio 10.5 --eval-every -1 --log-every 200 --core-metric-every 0 --save-every 200 --warmup-ratio 0.005 --warmdown-ratio 0.65 --final-lr-frac 0.05 --adam-beta2 0.99 --research-warmup-ratio 0.05 --use-onecycle 0 --router-context-window -1 --remix-use-basis-gate 1 --remix-use-output-gate 1 --remix-use-context 1 --remix-basis-gate-mode mlp --remix-gate-lr-scale 0.3 --p22-n-templates 1 --p22-template-routing-learned 0 --p22-template-topk 0 --p22-attn-moe-route none --p26-output-gated-linear 0 --p28-shared-basis 0 --p28-chunk-routing-size 0 --p28-global-template-bank none --p28-attn-proj-templates 0 --p28-attn-qk-templates 0 --target-active-params 0 --remix-basis-gate-rank 8 --cclblock-modulation weight --cclblock-orth-lambda 0.0 --cclblock-context-stream local --cclblock-ema-factor 0.99 --cclblock-stale-ctx-lag 0 --cclblock-sparse-gate-k 0 --cclblock-gate-temperature 1.0 --cclblock-context-bank-size 0 --cclblock-per-head-ctx 0 --cclblock-context-source norm_x --cclblock-chunk-size 0 --cclblock-aux-objective none --cclblock-aux-lambda 0.1 --cclblock-boundary-token-id 198 --use-ral 0 --ral-rank 32 --cclblock-film-gate 0 --cclblock-attn-shadow-dim 0 --cclblock-dynamic-ratio 0.25 --cclblock-gate-rank 8 --cclblock-num-regimes 8 --cclblock-regime-temperature 1.0 --cclblock-poly-order 2 --cclblock-lie-generators 4 --cclblock-grassmann-bank-size 4 --cclblock-tucker-rank 32 --cclblock-tucker-modes 8 --cclblock-svs-rank 64 --cclblock-svs-eps 0.1 --cclblock-vq-codes 8 --cclblock-vq-temperature 1.0 --cclblock-dcu-warmup-steps 0 --cclblock-fsi-rotations 8 --cclblock-fsi-selector-dim 64 --cclblock-aesp-strata 4 --cclblock-aesp-delta-rank 4 --cclblock-ckr-branches 4 --cclblock-ckr-kernel-size 64 --cclblock-ckr-pos-channels 1 --cclblock-ckr-dual-optim 0 --cclblock-ckr-content-bias 0.0 --cclblock-giad-rank 32 --cclblock-psg-kernel-size 64 --cclblock-ss-dynamic-ratio 0.25 --cclblock-ss-branches 2 --cclblock-ss-kernel-size 64 --cclblock-lokr-branches 8 --cclblock-lokr-rank 16 --cclblock-ckr-temp-start 2.0 --cclblock-ckr-temp-end 0.3 --cclblock-com-kernel-size 32 --cclblock-ckr-ortho-init 0 --cclblock-ckr-branch-dropout 0.0 --cclblock-ckr-diversity-lambda 0.0 --cclblock-pgr-kernel-size 64 --cclblock-cil-kernel-size 64 --cclblock-prb-kernel-size 64 --p18-layer-drop 0.0 --p18-dynamic-activation 0 --p18-mixture-norm 0 --p18-aux-sim-lambda 0.0 --p18-gradient-penalty 0.0 --p18-per-channel-scale 0 --p19-residual-gate 0 --p19-head-importance 0 --p19-residual-mix-groups 0 --p19-attn-logit-bias 0 --p19-residual-decay 0 --p19-grad-equilibrium 0.0 --p19-spectral-reparam 0 --p19-weight-anticollapse 0.0 --p19-ve-bias 0 --p19-weight-noise 0.0 --p20-hrcs-scale 0 --p20-lswr-scale 0 --p20-lswr-planes 8 --p20-lrcfb-branches 0 --p20-lrcfb-narrow 0 --p20-lrcfb-learned 0 --p20-lrcfb-topk 0 --p20-dgcr-branches 0 --p20-dgcr-aux-weight 0.01 --p20-mone-experts 0 --p20-mone-topk 0 --p20-mone-narrow 1 --p20-mone-frozen 0 --p20-ncea-branches 0 --p20-ncea-eps 0.1 --p20-adwi 0 --p20-pwu-branches 0 --p20-pwu-phase 1 --p20-fsvd-gate 0 --p20-wbfc-clusters 0 --p20-wbfc-active 0 --p21-per-experts 0 --p21-per-topk 0 --p21-per-learned 0 --p21-per-attn 0 --p23-tiny-expert 0 --p23-n-experts 64 --p23-topk 16 --p23-learned-route 0 --p23-std-moe-experts 0 --p23-std-moe-topk -1 --p23-std-moe-aux-weight 0.01 --p23-lokr 0 --p23-lokr-rank 4 --p23-use-shared-block-router 0 --p23-linear-moe-experts 0 --p23-linear-moe-topk 0 --p23-quantile-route 0 --p24-use-sliced-weight 0 --p24-sliced-weight-reduction-scale 8 --p24-sliced-weight-min-select 128 --p24-sliced-weight-scope per_token --p24-sliced-weight-balance-coeff 0.01 --p24-quantile-route 0 --p24-use-folded-mod 0 --p24-folded-mod-reduction-scale 8 --p24-folded-mod-scope per_layer --p24-folded-mod-gate-act tanh_centered --p24-use-sequence-gated-linear 0 --p24-sequence-gated-scope per_layer --p24-sequence-gated-act tanh_centered --p24-folded-mod-min-dim 128 --remix-shared-context-gates 0 --remix-use-dual-gate 0 --remix-basis-scale-factor 4 --remix-output-gate-rank 16 --p24-use-sliced-weight 0 --p24-sliced-weight-reduction-scale 8 --p24-sliced-weight-min-select 128 --p24-sliced-weight-scope per_token --p24-sliced-weight-balance-coeff 0.01 --p24-quantile-route 0 --p24-use-folded-mod 0 --p24-folded-mod-reduction-scale 8 --p24-folded-mod-scope per_layer --p24-folded-mod-gate-act tanh_centered --p24-use-sequence-gated-linear 0 --p24-sequence-gated-scope per_layer --p24-sequence-gated-act tanh_centered --remix-disable-ln-basis 0 --dense-intermediate-ln 0 --use-mst 1 --mst-n-subs 8 --mst-sub-dim 64 --mst-head-dim 0 --mst-input-mode learned_proj --mst-rotated-slice-learned 0 --mst-routing-mode topk_hard --mst-routing-topk 1 --mst-routing-aux-weight 0.01 --mst-diversity-weight 0.0 --mst-ffn-mode standard --mst-transition-mode free_for_all --mst-final-mode concat_proj --mst-final-topk 1 --compile --tokenizer-dir tokenizer --data-dir data --max-shards 300 --checkpoints-dir /root/nanochat/out/p02_mst_sweep/S2E7_LEARNED_FFA_TOP1_CONCAT_TOP1_D8/depth_8/ckpt_base --model-tag base
2026-05-13 16:41:27,492 - httpx - [32m[1mINFO[0m - HTTP Request: HEAD https://huggingface.co/varunneal/flash-attention-3/resolve/main/kernel-status.toml "HTTP/1.1 404 Not Found"
2026-05-13 16:41:27,627 - httpx - [32m[1mINFO[0m - HTTP Request: GET https://huggingface.co/api/models/varunneal/flash-attention-3/tree/main/build?recursive=false&expand=false "HTTP/1.1 200 OK"
2026-05-13 16:41:27,773 - httpx - [32m[1mINFO[0m - HTTP Request: GET https://huggingface.co/api/models/varunneal/flash-attention-3/revision/main "HTTP/1.1 200 OK"

                                                       █████                █████
                                                      ░░███                ░░███
     ████████    ██████   ████████    ██████   ██████  ░███████    ██████  ███████
    ░░███░░███  ░░░░░███ ░░███░░███  ███░░███ ███░░███ ░███░░███  ░░░░░███░░░███░
     ░███ ░███   ███████  ░███ ░███ ░███ ░███░███ ░░░  ░███ ░███   ███████  ░███
     ░███ ░███  ███░░███  ░███ ░███ ░███ ░███░███  ███ ░███ ░███  ███░░███  ░███ ███
     ████ █████░░████████ ████ █████░░██████ ░░██████  ████ █████░░███████  ░░█████
    ░░░░ ░░░░░  ░░░░░░░░ ░░░░ ░░░░░  ░░░░░░   ░░░░░░  ░░░░ ░░░░░  ░░░░░░░░   ░░░░░
    
Autodetected device type: cuda
2026-05-13 16:41:30,436 - nanochat.common - [32m[1mINFO[0m - Distributed world size: 1
GPU: NVIDIA H200 | Peak FLOPS (BF16): 9.89e+14
COMPUTE_DTYPE: torch.bfloat16 (auto-detected: CUDA SM 90 (bf16 supported))
✓ Using Flash Attention 3 (Hopper GPU detected) — efficient and fast.
Vocab size: 32,768
Model config:
{
  "sequence_len": 2048,
  "vocab_size": 32768,
  "n_layer": 8,
  "n_head": 4,
  "n_kv_head": 4,
  "n_embd": 512,
  "use_moe": false,
  "use_perm": false,
  "moe_num_experts": 8,
  "moe_router_dim": 64,
  "moe_embed_dim": 64,
  "dropout": 0.0,
  "use_remix_linear": false,
  "remix_context_dim": 64,
  "remix_context_dim_ratio": 6,
  "remix_basis_size": 64,
  "remix_output_gate_rank": 16,
  "remixed_linear_kwargs": {
    "use_basis_gate": true,
    "use_output_gate": true,
    "use_context": true,
    "basis_gate_mode": "mlp",
    "sparse_gate_k": 0,
    "gate_temperature": 1.0,
    "basis_scale_factor": 4,
    "n_templates": 1,
    "template_routing_learned": false,
    "template_topk": 0,
    "tiny_expert": false,
    "tiny_expert_topk": 16,
    "lokr_expert": false,
    "lokr_n_experts": 64,
    "lokr_topk": 16,
    "lokr_rank": 4,
    "lokr_learned": false,
    "basis_gate_rank": 8,
    "disable_ln_basis": false
  },
  "use_pos_embed": false,
  "moe_use_abs_pos_embed": false,
  "use_layer_context": true,
  "scale_basis_size": true,
  "remix_use_dual_gate": false,
  "p26_output_gated_linear": 0,
  "p28_shared_basis": 0,
  "p28_chunk_routing_size": 0,
  "p28_global_template_bank": "none",
  "p28_attn_proj_templates": 0,
  "p28_attn_qk_templates": 0,
  "perm_expert_mode": "low_rank",
  "perm_rank": 16,
  "router_context_window": -1,
  "router_causal": true,
  "router_num_heads": 4,
  "router_num_queries": 16,
  "router_n_layers": 2,
  "router_use_vocab_prior": false,
  "window_pattern": "SSSL",
  "cclblock_modulation": "weight",
  "cclblock_orth_lambda": 0.0,
  "cclblock_context_stream": "local",
  "cclblock_ema_factor": 0.99,
  "cclblock_stale_ctx_lag": 0,
  "cclblock_sparse_gate_k": 0,
  "cclblock_gate_temperature": 1.0,
  "cclblock_context_bank_size": 0,
  "cclblock_per_head_ctx": false,
  "cclblock_context_source": "norm_x",
  "cclblock_chunk_size": 0,
  "cclblock_aux_objective": "none",
  "cclblock_aux_lambda": 0.1,
  "cclblock_boundary_token_id": 198,
  "use_ral": false,
  "ral_rank": 32,
  "cclblock_film_gate": false,
  "cclblock_attn_shadow_dim": 0,
  "cclblock_dynamic_ratio": 0.25,
  "cclblock_gate_rank": 8,
  "cclblock_num_regimes": 8,
  "cclblock_regime_temperature": 1.0,
  "cclblock_poly_order": 2,
  "cclblock_lie_generators": 4,
  "cclblock_grassmann_bank_size": 4,
  "cclblock_tucker_rank": 32,
  "cclblock_tucker_modes": 8,
  "cclblock_svs_rank": 64,
  "cclblock_svs_eps": 0.1,
  "cclblock_vq_codes": 8,
  "cclblock_vq_temperature": 1.0,
  "cclblock_dcu_warmup_steps": 0,
  "cclblock_fsi_rotations": 8,
  "cclblock_fsi_selector_dim": 64,
  "cclblock_aesp_strata": 4,
  "cclblock_aesp_delta_rank": 4,
  "cclblock_ckr_branches": 4,
  "cclblock_ckr_kernel_size": 64,
  "cclblock_ckr_pos_channels": 1,
  "cclblock_ckr_dual_optim": 0,
  "cclblock_ckr_content_bias": 0.0,
  "cclblock_giad_rank": 32,
  "cclblock_psg_kernel_size": 64,
  "cclblock_ss_dynamic_ratio": 0.25,
  "cclblock_ss_branches": 2,
  "cclblock_ss_kernel_size": 64,
  "cclblock_lokr_branches": 8,
  "cclblock_lokr_rank": 16,
  "cclblock_ckr_temp_start": 2.0,
  "cclblock_ckr_temp_end": 0.3,
  "cclblock_com_kernel_size": 32,
  "cclblock_ckr_ortho_init": 0,
  "cclblock_ckr_branch_dropout": 0.0,
  "cclblock_ckr_diversity_lambda": 0.0,
  "cclblock_ckr_layer_selective": 0,
  "cclblock_pgr_kernel_size": 64,
  "cclblock_cil_kernel_size": 64,
  "cclblock_prb_kernel_size": 64,
  "p18_layer_drop": 0.0,
  "p18_dynamic_activation": 0,
  "p18_mixture_norm": 0,
  "p18_causal_attn_bias": 0,
  "p18_aux_sim_lambda": 0.0,
  "p18_gradient_penalty": 0.0,
  "p18_per_channel_scale": 0,
  "p19_residual_gate": 0,
  "p19_head_importance": 0,
  "p19_residual_mix_groups": 0,
  "p19_attn_logit_bias": 0,
  "p19_residual_decay": 0,
  "p19_grad_equilibrium": 0.0,
  "p19_spectral_reparam": 0,
  "p19_weight_anticollapse": 0.0,
  "p19_ve_bias": 0,
  "p19_weight_noise": 0.0,
  "p20_hrcs_scale": 0,
  "p20_lswr_scale": 0,
  "p20_lswr_planes": 8,
  "p20_lrcfb_branches": 0,
  "p20_lrcfb_narrow": 0,
  "p20_lrcfb_learned": 0,
  "p20_lrcfb_topk": 0,
  "p20_dgcr_branches": 0,
  "p20_dgcr_aux_weight": 0.01,
  "p20_mone_experts": 0,
  "p20_mone_topk": 0,
  "p20_mone_narrow": 1,
  "p20_mone_frozen": 0,
  "p20_ncea_branches": 0,
  "p20_ncea_eps": 0.1,
  "p20_adwi": 0,
  "p20_pwu_branches": 0,
  "p20_pwu_phase": 1,
  "p20_fsvd_gate": 0,
  "p20_wbfc_clusters": 0,
  "p20_wbfc_active": 0,
  "p21_per_experts": 0,
  "p21_per_topk": 0,
  "p21_per_learned": 0,
  "p21_per_attn": 0,
  "p22_attn_moe_route": "none",
  "p23_tiny_expert": 0,
  "p23_n_experts": 64,
  "p23_topk": 16,
  "p23_learned_route": 0,
  "p23_std_moe_experts": 0,
  "p23_std_moe_topk": -1,
  "p23_std_moe_aux_weight": 0.01,
  "p23_lokr": 0,
  "p23_lokr_rank": 4,
  "p23_use_shared_block_router": 0,
  "p23_linear_moe_experts": 0,
  "p23_linear_moe_topk": 0,
  "p23_quantile_route": 0,
  "remix_shared_context_gates": 0,
  "p24_use_sliced_weight": 0,
  "p24_sliced_weight_reduction_scale": 8,
  "p24_sliced_weight_min_select": 128,
  "p24_sliced_weight_scope": "per_token",
  "p24_sliced_weight_balance_coeff": 0.01,
  "p24_quantile_route": 0,
  "p24_use_folded_mod": 0,
  "p24_folded_mod_reduction_scale": 8,
  "p24_folded_mod_min_dim": 128,
  "p24_folded_mod_scope": "per_layer",
  "p24_folded_mod_gate_act": "tanh_centered",
  "p24_use_sequence_gated_linear": 0,
  "p24_sequence_gated_scope": "per_layer",
  "p24_sequence_gated_act": "tanh_centered",
  "remix_disable_ln_basis": 0,
  "dense_intermediate_ln": 0,
  "use_mst": true,
  "mst_n_subs": 8,
  "mst_sub_dim": 64,
  "mst_head_dim": 0,
  "mst_input_mode": "learned_proj",
  "mst_rotated_slice_learned": false,
  "mst_routing_mode": "topk_hard",
  "mst_routing_topk": 1,
  "mst_routing_aux_weight": 0.01,
  "mst_diversity_weight": 0.0,
  "mst_ffn_mode": "standard",
  "mst_transition_mode": "free_for_all",
  "mst_final_mode": "concat_proj",
  "mst_final_topk": -1
}
Checkpoints directory: /root/nanochat/out/p02_mst_sweep/S2E7_LEARNED_FFA_TOP1_CONCAT_TOP1_D8/depth_8/ckpt_base/base
✓ Wrapping model with DistributedDataParallel (rank 0)
Parameter counts:
wte                     : 16,777,216
wpe                     : 0
value_embeds            : 8,388,608
lm_head                 : 16,777,216
transformer_matrices    : 3,707,392
research                : 0
scalars                 : 16
total                   : 45,650,448
Estimated FLOPs per token (total):  2.739027e+08
Estimated FLOPs per token (active): 1.692857e+08
Estimated active params:            42,894,352
Scaling LRs by 0.7071 for batch size 262,144 (reference: 524,288)
Scaling weight decay from 0.200000 to 0.074433 for depth 8
Scaling AdamW LRs ∝1/√(512/768) = 1.224745
Calculated number of iterations from target data:param ratio: 1,680
Total number of training tokens: 440,401,920
Tokens : Scaling params ratio: 21.50
Total training FLOPs estimate: 1.206273e+17
Using base scheduler: linear warmup/flat/linear warmdown
Tokens / micro-batch / rank: 128 x 2048 = 262,144
Tokens / micro-batch: 262,144
Total batch size 262,144 => gradient accumulation steps: 1
Running pre-compilation warmup (1 dummy forward+backward to init lazy allocations)...
[rank0]:W0513 16:41:32.611000 37943 site-packages/torch/_logging/_internal.py:1199] [0/0] Profiler function <class 'torch.autograd.profiler.record_function'> will be ignored
[rank0]:[W513 16:50:32.219420142 reducer.cpp:1431] Warning: find_unused_parameters=True was specified in DDP constructor, but did not find any unused parameters in the forward pass. This flag results in an extra traversal of the autograd graph every iteration,  which can adversely affect performance. If your model indeed never has any unused parameters in the forward pass, consider turning this flag off. Note that this warning may be a false positive if your model has flow control causing later iterations to have unused parameters. (function operator())
Warmup complete. Steady-state VRAM: 0.6 GB allocated
step 00000/01680 (0.00%) | loss: 11.037440 | lrm: 0.12 | lr(adamw:5.088e-02, muon:1.768e-03) | dt: 1698.49ms | tok/sec: 154,339 | bf16_mfu: 4.27 | epoch: 1 pq: 0 rg: 1 | total time: 0.00m
2026-05-13 16:52:53,000 - nanochat.checkpoint_manager - [32m[1mINFO[0m - Saved model parameters to: /root/nanochat/out/p02_mst_sweep/S2E7_LEARNED_FFA_TOP1_CONCAT_TOP1_D8/depth_8/ckpt_base/base/model_000200.pt
2026-05-13 16:52:53,004 - nanochat.checkpoint_manager - [32m[1mINFO[0m - Saved metadata to: /root/nanochat/out/p02_mst_sweep/S2E7_LEARNED_FFA_TOP1_CONCAT_TOP1_D8/depth_8/ckpt_base/base/meta_000200.json
2026-05-13 16:52:53,312 - nanochat.checkpoint_manager - [32m[1mINFO[0m - Saved optimizer state to: /root/nanochat/out/p02_mst_sweep/S2E7_LEARNED_FFA_TOP1_CONCAT_TOP1_D8/depth_8/ckpt_base/base/optim_000200_rank0.pt
step 00200/01680 (11.90%) | loss: 5.710298 | lrm: 1.00 | lr(adamw:4.071e-01, muon:1.414e-02) | dt: 614.80ms | tok/sec: 426,386 | bf16_mfu: 11.81 | epoch: 1 pq: 1 rg: 17 | total time: 1.91m | eta: 14.9m
2026-05-13 16:54:51,980 - nanochat.checkpoint_manager - [32m[1mINFO[0m - Saved model parameters to: /root/nanochat/out/p02_mst_sweep/S2E7_LEARNED_FFA_TOP1_CONCAT_TOP1_D8/depth_8/ckpt_base/base/model_000400.pt
2026-05-13 16:54:51,982 - nanochat.checkpoint_manager - [32m[1mINFO[0m - Saved metadata to: /root/nanochat/out/p02_mst_sweep/S2E7_LEARNED_FFA_TOP1_CONCAT_TOP1_D8/depth_8/ckpt_base/base/meta_000400.json
2026-05-13 16:54:52,288 - nanochat.checkpoint_manager - [32m[1mINFO[0m - Saved optimizer state to: /root/nanochat/out/p02_mst_sweep/S2E7_LEARNED_FFA_TOP1_CONCAT_TOP1_D8/depth_8/ckpt_base/base/optim_000400_rank0.pt
Removed previous periodic checkpoint at step 000200
step 00400/01680 (23.81%) | loss: 5.256427 | lrm: 1.00 | lr(adamw:4.071e-01, muon:1.414e-02) | dt: 577.24ms | tok/sec: 454,134 | bf16_mfu: 12.58 | epoch: 1 pq: 2 rg: 30 | total time: 3.88m | eta: 12.7m
2026-05-13 16:56:51,781 - nanochat.checkpoint_manager - [32m[1mINFO[0m - Saved model parameters to: /root/nanochat/out/p02_mst_sweep/S2E7_LEARNED_FFA_TOP1_CONCAT_TOP1_D8/depth_8/ckpt_base/base/model_000600.pt
2026-05-13 16:56:51,785 - nanochat.checkpoint_manager - [32m[1mINFO[0m - Saved metadata to: /root/nanochat/out/p02_mst_sweep/S2E7_LEARNED_FFA_TOP1_CONCAT_TOP1_D8/depth_8/ckpt_base/base/meta_000600.json
2026-05-13 16:56:52,088 - nanochat.checkpoint_manager - [32m[1mINFO[0m - Saved optimizer state to: /root/nanochat/out/p02_mst_sweep/S2E7_LEARNED_FFA_TOP1_CONCAT_TOP1_D8/depth_8/ckpt_base/base/optim_000600_rank0.pt
Removed previous periodic checkpoint at step 000400
step 00600/01680 (35.71%) | loss: 5.070935 | lrm: 0.99 | lr(adamw:4.028e-01, muon:1.399e-02) | dt: 607.67ms | tok/sec: 431,388 | bf16_mfu: 11.95 | epoch: 1 pq: 3 rg: 44 | total time: 5.87m | eta: 10.7m
2026-05-13 16:58:51,247 - nanochat.checkpoint_manager - [32m[1mINFO[0m - Saved model parameters to: /root/nanochat/out/p02_mst_sweep/S2E7_LEARNED_FFA_TOP1_CONCAT_TOP1_D8/depth_8/ckpt_base/base/model_000800.pt
2026-05-13 16:58:51,249 - nanochat.checkpoint_manager - [32m[1mINFO[0m - Saved metadata to: /root/nanochat/out/p02_mst_sweep/S2E7_LEARNED_FFA_TOP1_CONCAT_TOP1_D8/depth_8/ckpt_base/base/meta_000800.json
2026-05-13 16:58:51,590 - nanochat.checkpoint_manager - [32m[1mINFO[0m - Saved optimizer state to: /root/nanochat/out/p02_mst_sweep/S2E7_LEARNED_FFA_TOP1_CONCAT_TOP1_D8/depth_8/ckpt_base/base/optim_000800_rank0.pt
Removed previous periodic checkpoint at step 000600
step 00800/01680 (47.62%) | loss: 4.955080 | lrm: 0.82 | lr(adamw:3.320e-01, muon:1.153e-02) | dt: 596.26ms | tok/sec: 439,644 | bf16_mfu: 12.18 | epoch: 1 pq: 4 rg: 58 | total time: 7.85m | eta: 8.7m
2026-05-13 17:00:51,788 - nanochat.checkpoint_manager - [32m[1mINFO[0m - Saved model parameters to: /root/nanochat/out/p02_mst_sweep/S2E7_LEARNED_FFA_TOP1_CONCAT_TOP1_D8/depth_8/ckpt_base/base/model_001000.pt
2026-05-13 17:00:51,791 - nanochat.checkpoint_manager - [32m[1mINFO[0m - Saved metadata to: /root/nanochat/out/p02_mst_sweep/S2E7_LEARNED_FFA_TOP1_CONCAT_TOP1_D8/depth_8/ckpt_base/base/meta_001000.json
2026-05-13 17:00:52,090 - nanochat.checkpoint_manager - [32m[1mINFO[0m - Saved optimizer state to: /root/nanochat/out/p02_mst_sweep/S2E7_LEARNED_FFA_TOP1_CONCAT_TOP1_D8/depth_8/ckpt_base/base/optim_001000_rank0.pt
Removed previous periodic checkpoint at step 000800
step 01000/01680 (59.52%) | loss: 4.875456 | lrm: 0.64 | lr(adamw:2.612e-01, muon:9.073e-03) | dt: 610.13ms | tok/sec: 429,652 | bf16_mfu: 11.90 | epoch: 1 pq: 5 rg: 73 | total time: 9.85m | eta: 6.8m
2026-05-13 17:02:52,107 - nanochat.checkpoint_manager - [32m[1mINFO[0m - Saved model parameters to: /root/nanochat/out/p02_mst_sweep/S2E7_LEARNED_FFA_TOP1_CONCAT_TOP1_D8/depth_8/ckpt_base/base/model_001200.pt
2026-05-13 17:02:52,110 - nanochat.checkpoint_manager - [32m[1mINFO[0m - Saved metadata to: /root/nanochat/out/p02_mst_sweep/S2E7_LEARNED_FFA_TOP1_CONCAT_TOP1_D8/depth_8/ckpt_base/base/meta_001200.json
2026-05-13 17:02:52,417 - nanochat.checkpoint_manager - [32m[1mINFO[0m - Saved optimizer state to: /root/nanochat/out/p02_mst_sweep/S2E7_LEARNED_FFA_TOP1_CONCAT_TOP1_D8/depth_8/ckpt_base/base/optim_001200_rank0.pt
Removed previous periodic checkpoint at step 001000
step 01200/01680 (71.43%) | loss: 4.822977 | lrm: 0.47 | lr(adamw:1.903e-01, muon:6.613e-03) | dt: 588.30ms | tok/sec: 445,592 | bf16_mfu: 12.34 | epoch: 1 pq: 7 rg: 5 | total time: 11.84m | eta: 4.8m
2026-05-13 17:04:53,210 - nanochat.checkpoint_manager - [32m[1mINFO[0m - Saved model parameters to: /root/nanochat/out/p02_mst_sweep/S2E7_LEARNED_FFA_TOP1_CONCAT_TOP1_D8/depth_8/ckpt_base/base/model_001400.pt
2026-05-13 17:04:53,212 - nanochat.checkpoint_manager - [32m[1mINFO[0m - Saved metadata to: /root/nanochat/out/p02_mst_sweep/S2E7_LEARNED_FFA_TOP1_CONCAT_TOP1_D8/depth_8/ckpt_base/base/meta_001400.json
2026-05-13 17:04:53,527 - nanochat.checkpoint_manager - [32m[1mINFO[0m - Saved optimizer state to: /root/nanochat/out/p02_mst_sweep/S2E7_LEARNED_FFA_TOP1_CONCAT_TOP1_D8/depth_8/ckpt_base/base/optim_001400_rank0.pt
Removed previous periodic checkpoint at step 001200
step 01400/01680 (83.33%) | loss: 4.766079 | lrm: 0.29 | lr(adamw:1.195e-01, muon:4.152e-03) | dt: 696.60ms | tok/sec: 376,320 | bf16_mfu: 10.42 | epoch: 1 pq: 8 rg: 20 | total time: 13.85m | eta: 2.8m
2026-05-13 17:06:53,790 - nanochat.checkpoint_manager - [32m[1mINFO[0m - Saved model parameters to: /root/nanochat/out/p02_mst_sweep/S2E7_LEARNED_FFA_TOP1_CONCAT_TOP1_D8/depth_8/ckpt_base/base/model_001600.pt
2026-05-13 17:06:53,792 - nanochat.checkpoint_manager - [32m[1mINFO[0m - Saved metadata to: /root/nanochat/out/p02_mst_sweep/S2E7_LEARNED_FFA_TOP1_CONCAT_TOP1_D8/depth_8/ckpt_base/base/meta_001600.json
2026-05-13 17:06:54,094 - nanochat.checkpoint_manager - [32m[1mINFO[0m - Saved optimizer state to: /root/nanochat/out/p02_mst_sweep/S2E7_LEARNED_FFA_TOP1_CONCAT_TOP1_D8/depth_8/ckpt_base/base/optim_001600_rank0.pt
Removed previous periodic checkpoint at step 001400
step 01600/01680 (95.24%) | loss: 4.731752 | lrm: 0.12 | lr(adamw:4.869e-02, muon:1.691e-03) | dt: 574.96ms | tok/sec: 455,936 | bf16_mfu: 12.63 | epoch: 1 pq: 9 rg: 34 | total time: 15.85m | eta: 0.8m
step 01679/01680 (99.94%) | loss: 4.728061 | lrm: 0.05 | lr(adamw:2.071e-02, muon:7.194e-04) | dt: 605.04ms | tok/sec: 433,268 | bf16_mfu: 12.00 | epoch: 1 pq: 9 rg: 73 | total time: 16.64m | eta: 0.0m
/usr/local/lib/python3.12/site-packages/torch/_dynamo/variables/functions.py:1598: UserWarning: Dynamo does not know how to trace the builtin `torch._C._distributed_c10d.pybind11_detail_function_record_v1_system_libstdcpp_gxx_abi_1xxx_use_cxx11_abi_1._broadcast_coalesced.` This function is either a Python builtin (e.g. _warnings.warn) or a third-party C/C++ Python extension (perhaps created with pybind).
If it is a Python builtin, please file an issue on GitHub so the PyTorch team can add support for it and see the next case for a workaround.
If it is a third-party C/C++ Python extension, please either wrap it into a PyTorch-understood custom operator (see https://pytorch.org/tutorials/advanced/custom_ops_landing_page.html for more details) or, if it is traceable, use `torch.compiler.allow_in_graph`.
  torch._dynamo.utils.warn_once(explanation + "\n" + "\n".join(hints))
Step 01680 | Validation bpb: 1.242148
<|bos|>The capital of France is a country that is the largest country in the world. It is a country that
<|bos|>The chemical symbol of gold is a symbol of the gold symbol of the gold symbol of the gold symbol of the
<|bos|>If yesterday was Friday, then tomorrow will be the first of the 20th century. The first of the 20th
<|bos|>The opposite of hot is the same as the same as the same as the same as the same as the
<|bos|>The planets of the solar system are: the planets of the solar system, the planets, and the planets of the solar
<|bos|>My favorite color is the color of the color of the color of the color of the color of the
<|bos|>If 5*x + 3 = 13, then x is 3 = 3 = 3 = 3 = 3 = 
2026-05-13 17:12:10,243 - nanochat.checkpoint_manager - [32m[1mINFO[0m - Saved model parameters to: /root/nanochat/out/p02_mst_sweep/S2E7_LEARNED_FFA_TOP1_CONCAT_TOP1_D8/depth_8/ckpt_base/base/model_001680.pt
2026-05-13 17:12:10,246 - nanochat.checkpoint_manager - [32m[1mINFO[0m - Saved metadata to: /root/nanochat/out/p02_mst_sweep/S2E7_LEARNED_FFA_TOP1_CONCAT_TOP1_D8/depth_8/ckpt_base/base/meta_001680.json
2026-05-13 17:12:10,555 - nanochat.checkpoint_manager - [32m[1mINFO[0m - Saved optimizer state to: /root/nanochat/out/p02_mst_sweep/S2E7_LEARNED_FFA_TOP1_CONCAT_TOP1_D8/depth_8/ckpt_base/base/optim_001680_rank0.pt
step 01680/01680 (final) | loss: 4.728061 | early_stop: 0
Peak memory usage: 61827.50MiB
Total training time: 16.64m
Minimum validation bpb: 1.242148
[MST] Results appended → /root/nanochat/out/p02_mst_sweep/S2E7_LEARNED_FFA_TOP1_CONCAT_TOP1_D8/depth_8/ckpt_base/mst_results.csv
[MST] Results also appended → /root/nanochat/mst_results.csv
Final Validation BPB for base: 1.2421

--- Generating Report ---
Saved plot to out/p02_mst_sweep/S2E7_LEARNED_FFA_TOP1_CONCAT_TOP1_D8/depth_8/comparison_depth_8.png
Saved TSV data to out/p02_mst_sweep/S2E7_LEARNED_FFA_TOP1_CONCAT_TOP1_D8/depth_8/results_depth_8.tsv
Generating report to out/report/report.md
Copying report.md to current directory for convenience
================================================================
Sweep Complete! Results saved to out/p02_mst_sweep/S2E7_LEARNED_FFA_TOP1_CONCAT_TOP1_D8
================================================================
Requested NPROC_PER_NODE=8, but only 1 GPU(s) visible. Capping.
Using NPROC_PER_NODE=1
NANOCHAT_SKIP_ENV_SETUP=0
===== GPU Info =====
Wed May 13 17:12:24 2026       
+-----------------------------------------------------------------------------------------+
| NVIDIA-SMI 580.95.05              Driver Version: 580.95.05      CUDA Version: 13.0     |
+-----------------------------------------+------------------------+----------------------+
| GPU  Name                 Persistence-M | Bus-Id          Disp.A | Volatile Uncorr. ECC |
| Fan  Temp   Perf          Pwr:Usage/Cap |           Memory-Usage | GPU-Util  Compute M. |
|                                         |                        |               MIG M. |
|=========================================+========================+======================|
|   0  NVIDIA H200                    On  |   00000000:A5:00.0 Off |                    0 |
| N/A   33C    P0             74W /  700W |       0MiB / 143771MiB |      0%      Default |
|                                         |                        |             Disabled |
+-----------------------------------------+------------------------+----------------------+

+-----------------------------------------------------------------------------------------+
| Processes:                                                                              |
|  GPU   GI   CI              PID   Type   Process name                        GPU Memory |
|        ID   ID                                                               Usage      |
|=========================================================================================|
|  No running processes found                                                             |
+-----------------------------------------------------------------------------------------+
Starting Research Sweep. Output directory: out/p02_mst_sweep/S2C3_LEARNED_AGGDIST_TOPK1_x_CONCAT_FINAL_D8
UV_SYSTEM_PYTHON=1: using system Python, skipping venv creation.
Validating system environment dependencies via uv...
[2mUsing Python 3.12.6 environment at: /usr/local[0m
[2mAudited [1m1 package[0m [2min 41ms[0m[0m
Reset report and wrote header to out/report/header.md
Dataset (up to 300 shards) already exists in data, skipping download.
Tokenizer already exists in tokenizer, skipping training.
================================================================
Processing Depth: 8
================================================================
2026-05-13 17:12:53,727 - httpx - [32m[1mINFO[0m - HTTP Request: HEAD https://huggingface.co/varunneal/flash-attention-3/resolve/main/kernel-status.toml "HTTP/1.1 404 Not Found"
2026-05-13 17:12:53,853 - httpx - [32m[1mINFO[0m - HTTP Request: GET https://huggingface.co/api/models/varunneal/flash-attention-3/tree/main/build?recursive=false&expand=false "HTTP/1.1 200 OK"
2026-05-13 17:12:53,979 - httpx - [32m[1mINFO[0m - HTTP Request: GET https://huggingface.co/api/models/varunneal/flash-attention-3/revision/main "HTTP/1.1 200 OK"
[sweep] Requested 8 DDP workers but only 1 GPU(s) available — using 1.
================================================================
Unfinished experiments found from a previous run:
  [base] ckpt_dir = /__modal/volumes/vo-5lJiXYRRv6peac8JOAv0eu/out/p02_mst_sweep/S2C3_LEARNED_AGGDIST_TOPK1_x_CONCAT_FINAL_D8/depth_8/ckpt_base
These will be resumed from their last checkpoint.
================================================================
================================================================
Starting Sweep for Depth 8
Target Tokens: 440,407,296
================================================================
  Overriding default target_dim (128) with full model_dim 512

--- Training base ---

  ┌─────────────────────────────────────────────────────┐
  │  🆕  STARTING FRESH: [base]
  │     No checkpoints found — training from scratch.
  └─────────────────────────────────────────────────────┘

Running: /usr/local/bin/torchrun --standalone --nproc_per_node=1 -m scripts.base_train --depth 8 --aspect-ratio 64 --head-dim 128 --model-dim 512 --max-seq-len 2048 --device-batch-size 128 --total-batch-size 262144 --target-tokens 440407296 --target-param-data-ratio 10.5 --eval-every -1 --log-every 200 --core-metric-every 0 --save-every 200 --warmup-ratio 0.005 --warmdown-ratio 0.65 --final-lr-frac 0.05 --adam-beta2 0.99 --research-warmup-ratio 0.05 --use-onecycle 0 --router-context-window -1 --remix-use-basis-gate 1 --remix-use-output-gate 1 --remix-use-context 1 --remix-basis-gate-mode mlp --remix-gate-lr-scale 0.3 --p22-n-templates 1 --p22-template-routing-learned 0 --p22-template-topk 0 --p22-attn-moe-route none --p26-output-gated-linear 0 --p28-shared-basis 0 --p28-chunk-routing-size 0 --p28-global-template-bank none --p28-attn-proj-templates 0 --p28-attn-qk-templates 0 --target-active-params 0 --remix-basis-gate-rank 8 --cclblock-modulation weight --cclblock-orth-lambda 0.0 --cclblock-context-stream local --cclblock-ema-factor 0.99 --cclblock-stale-ctx-lag 0 --cclblock-sparse-gate-k 0 --cclblock-gate-temperature 1.0 --cclblock-context-bank-size 0 --cclblock-per-head-ctx 0 --cclblock-context-source norm_x --cclblock-chunk-size 0 --cclblock-aux-objective none --cclblock-aux-lambda 0.1 --cclblock-boundary-token-id 198 --use-ral 0 --ral-rank 32 --cclblock-film-gate 0 --cclblock-attn-shadow-dim 0 --cclblock-dynamic-ratio 0.25 --cclblock-gate-rank 8 --cclblock-num-regimes 8 --cclblock-regime-temperature 1.0 --cclblock-poly-order 2 --cclblock-lie-generators 4 --cclblock-grassmann-bank-size 4 --cclblock-tucker-rank 32 --cclblock-tucker-modes 8 --cclblock-svs-rank 64 --cclblock-svs-eps 0.1 --cclblock-vq-codes 8 --cclblock-vq-temperature 1.0 --cclblock-dcu-warmup-steps 0 --cclblock-fsi-rotations 8 --cclblock-fsi-selector-dim 64 --cclblock-aesp-strata 4 --cclblock-aesp-delta-rank 4 --cclblock-ckr-branches 4 --cclblock-ckr-kernel-size 64 --cclblock-ckr-pos-channels 1 --cclblock-ckr-dual-optim 0 --cclblock-ckr-content-bias 0.0 --cclblock-giad-rank 32 --cclblock-psg-kernel-size 64 --cclblock-ss-dynamic-ratio 0.25 --cclblock-ss-branches 2 --cclblock-ss-kernel-size 64 --cclblock-lokr-branches 8 --cclblock-lokr-rank 16 --cclblock-ckr-temp-start 2.0 --cclblock-ckr-temp-end 0.3 --cclblock-com-kernel-size 32 --cclblock-ckr-ortho-init 0 --cclblock-ckr-branch-dropout 0.0 --cclblock-ckr-diversity-lambda 0.0 --cclblock-pgr-kernel-size 64 --cclblock-cil-kernel-size 64 --cclblock-prb-kernel-size 64 --p18-layer-drop 0.0 --p18-dynamic-activation 0 --p18-mixture-norm 0 --p18-aux-sim-lambda 0.0 --p18-gradient-penalty 0.0 --p18-per-channel-scale 0 --p19-residual-gate 0 --p19-head-importance 0 --p19-residual-mix-groups 0 --p19-attn-logit-bias 0 --p19-residual-decay 0 --p19-grad-equilibrium 0.0 --p19-spectral-reparam 0 --p19-weight-anticollapse 0.0 --p19-ve-bias 0 --p19-weight-noise 0.0 --p20-hrcs-scale 0 --p20-lswr-scale 0 --p20-lswr-planes 8 --p20-lrcfb-branches 0 --p20-lrcfb-narrow 0 --p20-lrcfb-learned 0 --p20-lrcfb-topk 0 --p20-dgcr-branches 0 --p20-dgcr-aux-weight 0.01 --p20-mone-experts 0 --p20-mone-topk 0 --p20-mone-narrow 1 --p20-mone-frozen 0 --p20-ncea-branches 0 --p20-ncea-eps 0.1 --p20-adwi 0 --p20-pwu-branches 0 --p20-pwu-phase 1 --p20-fsvd-gate 0 --p20-wbfc-clusters 0 --p20-wbfc-active 0 --p21-per-experts 0 --p21-per-topk 0 --p21-per-learned 0 --p21-per-attn 0 --p23-tiny-expert 0 --p23-n-experts 64 --p23-topk 16 --p23-learned-route 0 --p23-std-moe-experts 0 --p23-std-moe-topk -1 --p23-std-moe-aux-weight 0.01 --p23-lokr 0 --p23-lokr-rank 4 --p23-use-shared-block-router 0 --p23-linear-moe-experts 0 --p23-linear-moe-topk 0 --p23-quantile-route 0 --p24-use-sliced-weight 0 --p24-sliced-weight-reduction-scale 8 --p24-sliced-weight-min-select 128 --p24-sliced-weight-scope per_token --p24-sliced-weight-balance-coeff 0.01 --p24-quantile-route 0 --p24-use-folded-mod 0 --p24-folded-mod-reduction-scale 8 --p24-folded-mod-scope per_layer --p24-folded-mod-gate-act tanh_centered --p24-use-sequence-gated-linear 0 --p24-sequence-gated-scope per_layer --p24-sequence-gated-act tanh_centered --p24-folded-mod-min-dim 128 --remix-shared-context-gates 0 --remix-use-dual-gate 0 --remix-basis-scale-factor 4 --remix-output-gate-rank 16 --p24-use-sliced-weight 0 --p24-sliced-weight-reduction-scale 8 --p24-sliced-weight-min-select 128 --p24-sliced-weight-scope per_token --p24-sliced-weight-balance-coeff 0.01 --p24-quantile-route 0 --p24-use-folded-mod 0 --p24-folded-mod-reduction-scale 8 --p24-folded-mod-scope per_layer --p24-folded-mod-gate-act tanh_centered --p24-use-sequence-gated-linear 0 --p24-sequence-gated-scope per_layer --p24-sequence-gated-act tanh_centered --remix-disable-ln-basis 0 --dense-intermediate-ln 0 --use-mst 1 --mst-n-subs 8 --mst-sub-dim 64 --mst-head-dim 0 --mst-input-mode learned_proj --mst-rotated-slice-learned 0 --mst-routing-mode topk_hard --mst-routing-topk 1 --mst-routing-aux-weight 0.01 --mst-diversity-weight 0.0 --mst-ffn-mode standard --mst-transition-mode aggregate_distribute --mst-final-mode concat_proj --mst-final-topk -1 --compile --tokenizer-dir tokenizer --data-dir data --max-shards 300 --checkpoints-dir /__modal/volumes/vo-5lJiXYRRv6peac8JOAv0eu/out/p02_mst_sweep/S2C3_LEARNED_AGGDIST_TOPK1_x_CONCAT_FINAL_D8/depth_8/ckpt_base --model-tag base
2026-05-13 17:13:16,501 - httpx - [32m[1mINFO[0m - HTTP Request: HEAD https://huggingface.co/varunneal/flash-attention-3/resolve/main/kernel-status.toml "HTTP/1.1 404 Not Found"
2026-05-13 17:13:16,608 - httpx - [32m[1mINFO[0m - HTTP Request: GET https://huggingface.co/api/models/varunneal/flash-attention-3/tree/main/build?recursive=false&expand=false "HTTP/1.1 200 OK"
2026-05-13 17:13:16,721 - httpx - [32m[1mINFO[0m - HTTP Request: GET https://huggingface.co/api/models/varunneal/flash-attention-3/revision/main "HTTP/1.1 200 OK"

                                                       █████                █████
                                                      ░░███                ░░███
     ████████    ██████   ████████    ██████   ██████  ░███████    ██████  ███████
    ░░███░░███  ░░░░░███ ░░███░░███  ███░░███ ███░░███ ░███░░███  ░░░░░███░░░███░
     ░███ ░███   ███████  ░███ ░███ ░███ ░███░███ ░░░  ░███ ░███   ███████  ░███
     ░███ ░███  ███░░███  ░███ ░███ ░███ ░███░███  ███ ░███ ░███  ███░░███  ░███ ███
     ████ █████░░████████ ████ █████░░██████ ░░██████  ████ █████░░███████  ░░█████
    ░░░░ ░░░░░  ░░░░░░░░ ░░░░ ░░░░░  ░░░░░░   ░░░░░░  ░░░░ ░░░░░  ░░░░░░░░   ░░░░░
    
Autodetected device type: cuda
2026-05-13 17:13:19,878 - nanochat.common - [32m[1mINFO[0m - Distributed world size: 1
GPU: NVIDIA H200 | Peak FLOPS (BF16): 9.89e+14
COMPUTE_DTYPE: torch.bfloat16 (auto-detected: CUDA SM 90 (bf16 supported))
✓ Using Flash Attention 3 (Hopper GPU detected) — efficient and fast.
Vocab size: 32,768
Model config:
{
  "sequence_len": 2048,
  "vocab_size": 32768,
  "n_layer": 8,
  "n_head": 4,
  "n_kv_head": 4,
  "n_embd": 512,
  "use_moe": false,
  "use_perm": false,
  "moe_num_experts": 8,
  "moe_router_dim": 64,
  "moe_embed_dim": 64,
  "dropout": 0.0,
  "use_remix_linear": false,
  "remix_context_dim": 64,
  "remix_context_dim_ratio": 6,
  "remix_basis_size": 64,
  "remix_output_gate_rank": 16,
  "remixed_linear_kwargs": {
    "use_basis_gate": true,
    "use_output_gate": true,
    "use_context": true,
    "basis_gate_mode": "mlp",
    "sparse_gate_k": 0,
    "gate_temperature": 1.0,
    "basis_scale_factor": 4,
    "n_templates": 1,
    "template_routing_learned": false,
    "template_topk": 0,
    "tiny_expert": false,
    "tiny_expert_topk": 16,
    "lokr_expert": false,
    "lokr_n_experts": 64,
    "lokr_topk": 16,
    "lokr_rank": 4,
    "lokr_learned": false,
    "basis_gate_rank": 8,
    "disable_ln_basis": false
  },
  "use_pos_embed": false,
  "moe_use_abs_pos_embed": false,
  "use_layer_context": true,
  "scale_basis_size": true,
  "remix_use_dual_gate": false,
  "p26_output_gated_linear": 0,
  "p28_shared_basis": 0,
  "p28_chunk_routing_size": 0,
  "p28_global_template_bank": "none",
  "p28_attn_proj_templates": 0,
  "p28_attn_qk_templates": 0,
  "perm_expert_mode": "low_rank",
  "perm_rank": 16,
  "router_context_window": -1,
  "router_causal": true,
  "router_num_heads": 4,
  "router_num_queries": 16,
  "router_n_layers": 2,
  "router_use_vocab_prior": false,
  "window_pattern": "SSSL",
  "cclblock_modulation": "weight",
  "cclblock_orth_lambda": 0.0,
  "cclblock_context_stream": "local",
  "cclblock_ema_factor": 0.99,
  "cclblock_stale_ctx_lag": 0,
  "cclblock_sparse_gate_k": 0,
  "cclblock_gate_temperature": 1.0,
  "cclblock_context_bank_size": 0,
  "cclblock_per_head_ctx": false,
  "cclblock_context_source": "norm_x",
  "cclblock_chunk_size": 0,
  "cclblock_aux_objective": "none",
  "cclblock_aux_lambda": 0.1,
  "cclblock_boundary_token_id": 198,
  "use_ral": false,
  "ral_rank": 32,
  "cclblock_film_gate": false,
  "cclblock_attn_shadow_dim": 0,
  "cclblock_dynamic_ratio": 0.25,
  "cclblock_gate_rank": 8,
  "cclblock_num_regimes": 8,
  "cclblock_regime_temperature": 1.0,
  "cclblock_poly_order": 2,
  "cclblock_lie_generators": 4,
  "cclblock_grassmann_bank_size": 4,
  "cclblock_tucker_rank": 32,
  "cclblock_tucker_modes": 8,
  "cclblock_svs_rank": 64,
  "cclblock_svs_eps": 0.1,
  "cclblock_vq_codes": 8,
  "cclblock_vq_temperature": 1.0,
  "cclblock_dcu_warmup_steps": 0,
  "cclblock_fsi_rotations": 8,
  "cclblock_fsi_selector_dim": 64,
  "cclblock_aesp_strata": 4,
  "cclblock_aesp_delta_rank": 4,
  "cclblock_ckr_branches": 4,
  "cclblock_ckr_kernel_size": 64,
  "cclblock_ckr_pos_channels": 1,
  "cclblock_ckr_dual_optim": 0,
  "cclblock_ckr_content_bias": 0.0,
  "cclblock_giad_rank": 32,
  "cclblock_psg_kernel_size": 64,
  "cclblock_ss_dynamic_ratio": 0.25,
  "cclblock_ss_branches": 2,
  "cclblock_ss_kernel_size": 64,
  "cclblock_lokr_branches": 8,
  "cclblock_lokr_rank": 16,
  "cclblock_ckr_temp_start": 2.0,
  "cclblock_ckr_temp_end": 0.3,
  "cclblock_com_kernel_size": 32,
  "cclblock_ckr_ortho_init": 0,
  "cclblock_ckr_branch_dropout": 0.0,
  "cclblock_ckr_diversity_lambda": 0.0,
  "cclblock_ckr_layer_selective": 0,
  "cclblock_pgr_kernel_size": 64,
  "cclblock_cil_kernel_size": 64,
  "cclblock_prb_kernel_size": 64,
  "p18_layer_drop": 0.0,
  "p18_dynamic_activation": 0,
  "p18_mixture_norm": 0,
  "p18_causal_attn_bias": 0,
  "p18_aux_sim_lambda": 0.0,
  "p18_gradient_penalty": 0.0,
  "p18_per_channel_scale": 0,
  "p19_residual_gate": 0,
  "p19_head_importance": 0,
  "p19_residual_mix_groups": 0,
  "p19_attn_logit_bias": 0,
  "p19_residual_decay": 0,
  "p19_grad_equilibrium": 0.0,
  "p19_spectral_reparam": 0,
  "p19_weight_anticollapse": 0.0,
  "p19_ve_bias": 0,
  "p19_weight_noise": 0.0,
  "p20_hrcs_scale": 0,
  "p20_lswr_scale": 0,
  "p20_lswr_planes": 8,
  "p20_lrcfb_branches": 0,
  "p20_lrcfb_narrow": 0,
  "p20_lrcfb_learned": 0,
  "p20_lrcfb_topk": 0,
  "p20_dgcr_branches": 0,
  "p20_dgcr_aux_weight": 0.01,
  "p20_mone_experts": 0,
  "p20_mone_topk": 0,
  "p20_mone_narrow": 1,
  "p20_mone_frozen": 0,
  "p20_ncea_branches": 0,
  "p20_ncea_eps": 0.1,
  "p20_adwi": 0,
  "p20_pwu_branches": 0,
  "p20_pwu_phase": 1,
  "p20_fsvd_gate": 0,
  "p20_wbfc_clusters": 0,
  "p20_wbfc_active": 0,
  "p21_per_experts": 0,
  "p21_per_topk": 0,
  "p21_per_learned": 0,
  "p21_per_attn": 0,
  "p22_attn_moe_route": "none",
  "p23_tiny_expert": 0,
  "p23_n_experts": 64,
  "p23_topk": 16,
  "p23_learned_route": 0,
  "p23_std_moe_experts": 0,
  "p23_std_moe_topk": -1,
  "p23_std_moe_aux_weight": 0.01,
  "p23_lokr": 0,
  "p23_lokr_rank": 4,
  "p23_use_shared_block_router": 0,
  "p23_linear_moe_experts": 0,
  "p23_linear_moe_topk": 0,
  "p23_quantile_route": 0,
  "remix_shared_context_gates": 0,
  "p24_use_sliced_weight": 0,
  "p24_sliced_weight_reduction_scale": 8,
  "p24_sliced_weight_min_select": 128,
  "p24_sliced_weight_scope": "per_token",
  "p24_sliced_weight_balance_coeff": 0.01,
  "p24_quantile_route": 0,
  "p24_use_folded_mod": 0,
  "p24_folded_mod_reduction_scale": 8,
  "p24_folded_mod_min_dim": 128,
  "p24_folded_mod_scope": "per_layer",
  "p24_folded_mod_gate_act": "tanh_centered",
  "p24_use_sequence_gated_linear": 0,
  "p24_sequence_gated_scope": "per_layer",
  "p24_sequence_gated_act": "tanh_centered",
  "remix_disable_ln_basis": 0,
  "dense_intermediate_ln": 0,
  "use_mst": true,
  "mst_n_subs": 8,
  "mst_sub_dim": 64,
  "mst_head_dim": 0,
  "mst_input_mode": "learned_proj",
  "mst_rotated_slice_learned": false,
  "mst_routing_mode": "topk_hard",
  "mst_routing_topk": 1,
  "mst_routing_aux_weight": 0.01,
  "mst_diversity_weight": 0.0,
  "mst_ffn_mode": "standard",
  "mst_transition_mode": "aggregate_distribute",
  "mst_final_mode": "concat_proj",
  "mst_final_topk": -1
}
Checkpoints directory: /__modal/volumes/vo-5lJiXYRRv6peac8JOAv0eu/out/p02_mst_sweep/S2C3_LEARNED_AGGDIST_TOPK1_x_CONCAT_FINAL_D8/depth_8/ckpt_base/base
✓ Wrapping model with DistributedDataParallel (rank 0)
Parameter counts:
wte                     : 16,777,216
wpe                     : 0
value_embeds            : 8,388,608
lm_head                 : 16,777,216
transformer_matrices    : 3,940,864
research                : 0
scalars                 : 16
total                   : 45,883,920
Estimated FLOPs per token (total):  2.753035e+08
Estimated FLOPs per token (active): 1.706866e+08
Estimated active params:            43,127,824
Scaling LRs by 0.7071 for batch size 262,144 (reference: 524,288)
Scaling weight decay from 0.200000 to 0.075614 for depth 8
Scaling AdamW LRs ∝1/√(512/768) = 1.224745
Calculated number of iterations from target data:param ratio: 1,680
Total number of training tokens: 440,401,920
Tokens : Scaling params ratio: 21.26
Total training FLOPs estimate: 1.212442e+17
Using base scheduler: linear warmup/flat/linear warmdown
Tokens / micro-batch / rank: 128 x 2048 = 262,144
Tokens / micro-batch: 262,144
Total batch size 262,144 => gradient accumulation steps: 1
Running pre-compilation warmup (1 dummy forward+backward to init lazy allocations)...
[rank0]:W0513 17:13:21.991000 1456 site-packages/torch/_logging/_internal.py:1199] [0/0] Profiler function <class 'torch.autograd.profiler.record_function'> will be ignored
/usr/local/lib/python3.12/site-packages/torch/_inductor/lowering.py:7242: UserWarning: 
Online softmax is disabled on the fly since Inductor decides to
split the reduction. Cut an issue to PyTorch if this is an
important use case and you want to speed it up with online
softmax.

  warnings.warn(
/usr/local/lib/python3.12/site-packages/torch/_inductor/lowering.py:7242: UserWarning: 
Online softmax is disabled on the fly since Inductor decides to
split the reduction. Cut an issue to PyTorch if this is an
important use case and you want to speed it up with online
softmax.

  warnings.warn(
[rank0]:[W513 17:29:13.364347628 reducer.cpp:1431] Warning: find_unused_parameters=True was specified in DDP constructor, but did not find any unused parameters in the forward pass. This flag results in an extra traversal of the autograd graph every iteration,  which can adversely affect performance. If your model indeed never has any unused parameters in the forward pass, consider turning this flag off. Note that this warning may be a false positive if your model has flow control causing later iterations to have unused parameters. (function operator())
Warmup complete. Steady-state VRAM: 0.6 GB allocated
step 00000/01680 (0.00%) | loss: 10.717314 | lrm: 0.12 | lr(adamw:5.088e-02, muon:1.768e-03) | dt: 1385.11ms | tok/sec: 189,258 | bf16_mfu: 5.27 | epoch: 1 pq: 0 rg: 1 | total time: 0.00m
2026-05-13 17:32:18,100 - nanochat.checkpoint_manager - [32m[1mINFO[0m - Saved model parameters to: /__modal/volumes/vo-5lJiXYRRv6peac8JOAv0eu/out/p02_mst_sweep/S2C3_LEARNED_AGGDIST_TOPK1_x_CONCAT_FINAL_D8/depth_8/ckpt_base/base/model_000200.pt
2026-05-13 17:32:18,102 - nanochat.checkpoint_manager - [32m[1mINFO[0m - Saved metadata to: /__modal/volumes/vo-5lJiXYRRv6peac8JOAv0eu/out/p02_mst_sweep/S2C3_LEARNED_AGGDIST_TOPK1_x_CONCAT_FINAL_D8/depth_8/ckpt_base/base/meta_000200.json
2026-05-13 17:32:18,394 - nanochat.checkpoint_manager - [32m[1mINFO[0m - Saved optimizer state to: /__modal/volumes/vo-5lJiXYRRv6peac8JOAv0eu/out/p02_mst_sweep/S2C3_LEARNED_AGGDIST_TOPK1_x_CONCAT_FINAL_D8/depth_8/ckpt_base/base/optim_000200_rank0.pt
step 00200/01680 (11.90%) | loss: 5.280675 | lrm: 1.00 | lr(adamw:4.071e-01, muon:1.414e-02) | dt: 503.55ms | tok/sec: 520,594 | bf16_mfu: 14.49 | epoch: 1 pq: 1 rg: 17 | total time: 1.78m | eta: 13.9m
2026-05-13 17:34:11,315 - nanochat.checkpoint_manager - [32m[1mINFO[0m - Saved model parameters to: /__modal/volumes/vo-5lJiXYRRv6peac8JOAv0eu/out/p02_mst_sweep/S2C3_LEARNED_AGGDIST_TOPK1_x_CONCAT_FINAL_D8/depth_8/ckpt_base/base/model_000400.pt
2026-05-13 17:34:11,319 - nanochat.checkpoint_manager - [32m[1mINFO[0m - Saved metadata to: /__modal/volumes/vo-5lJiXYRRv6peac8JOAv0eu/out/p02_mst_sweep/S2C3_LEARNED_AGGDIST_TOPK1_x_CONCAT_FINAL_D8/depth_8/ckpt_base/base/meta_000400.json
2026-05-13 17:34:11,625 - nanochat.checkpoint_manager - [32m[1mINFO[0m - Saved optimizer state to: /__modal/volumes/vo-5lJiXYRRv6peac8JOAv0eu/out/p02_mst_sweep/S2C3_LEARNED_AGGDIST_TOPK1_x_CONCAT_FINAL_D8/depth_8/ckpt_base/base/optim_000400_rank0.pt
Removed previous periodic checkpoint at step 000200
step 00400/01680 (23.81%) | loss: 4.868566 | lrm: 1.00 | lr(adamw:4.071e-01, muon:1.414e-02) | dt: 585.01ms | tok/sec: 448,100 | bf16_mfu: 12.47 | epoch: 1 pq: 2 rg: 30 | total time: 3.66m | eta: 12.0m
2026-05-13 17:36:04,458 - nanochat.checkpoint_manager - [32m[1mINFO[0m - Saved model parameters to: /__modal/volumes/vo-5lJiXYRRv6peac8JOAv0eu/out/p02_mst_sweep/S2C3_LEARNED_AGGDIST_TOPK1_x_CONCAT_FINAL_D8/depth_8/ckpt_base/base/model_000600.pt
2026-05-13 17:36:04,460 - nanochat.checkpoint_manager - [32m[1mINFO[0m - Saved metadata to: /__modal/volumes/vo-5lJiXYRRv6peac8JOAv0eu/out/p02_mst_sweep/S2C3_LEARNED_AGGDIST_TOPK1_x_CONCAT_FINAL_D8/depth_8/ckpt_base/base/meta_000600.json
2026-05-13 17:36:04,753 - nanochat.checkpoint_manager - [32m[1mINFO[0m - Saved optimizer state to: /__modal/volumes/vo-5lJiXYRRv6peac8JOAv0eu/out/p02_mst_sweep/S2C3_LEARNED_AGGDIST_TOPK1_x_CONCAT_FINAL_D8/depth_8/ckpt_base/base/optim_000600_rank0.pt
Removed previous periodic checkpoint at step 000400
step 00600/01680 (35.71%) | loss: 4.705646 | lrm: 0.99 | lr(adamw:4.028e-01, muon:1.399e-02) | dt: 576.84ms | tok/sec: 454,451 | bf16_mfu: 12.65 | epoch: 1 pq: 3 rg: 44 | total time: 5.54m | eta: 10.1m
2026-05-13 17:37:56,571 - nanochat.checkpoint_manager - [32m[1mINFO[0m - Saved model parameters to: /__modal/volumes/vo-5lJiXYRRv6peac8JOAv0eu/out/p02_mst_sweep/S2C3_LEARNED_AGGDIST_TOPK1_x_CONCAT_FINAL_D8/depth_8/ckpt_base/base/model_000800.pt
2026-05-13 17:37:56,575 - nanochat.checkpoint_manager - [32m[1mINFO[0m - Saved metadata to: /__modal/volumes/vo-5lJiXYRRv6peac8JOAv0eu/out/p02_mst_sweep/S2C3_LEARNED_AGGDIST_TOPK1_x_CONCAT_FINAL_D8/depth_8/ckpt_base/base/meta_000800.json
2026-05-13 17:37:56,874 - nanochat.checkpoint_manager - [32m[1mINFO[0m - Saved optimizer state to: /__modal/volumes/vo-5lJiXYRRv6peac8JOAv0eu/out/p02_mst_sweep/S2C3_LEARNED_AGGDIST_TOPK1_x_CONCAT_FINAL_D8/depth_8/ckpt_base/base/optim_000800_rank0.pt
Removed previous periodic checkpoint at step 000600
step 00800/01680 (47.62%) | loss: 4.582487 | lrm: 0.82 | lr(adamw:3.320e-01, muon:1.153e-02) | dt: 561.42ms | tok/sec: 466,933 | bf16_mfu: 13.00 | epoch: 1 pq: 4 rg: 58 | total time: 7.40m | eta: 8.2m
2026-05-13 17:39:48,792 - nanochat.checkpoint_manager - [32m[1mINFO[0m - Saved model parameters to: /__modal/volumes/vo-5lJiXYRRv6peac8JOAv0eu/out/p02_mst_sweep/S2C3_LEARNED_AGGDIST_TOPK1_x_CONCAT_FINAL_D8/depth_8/ckpt_base/base/model_001000.pt
2026-05-13 17:39:48,796 - nanochat.checkpoint_manager - [32m[1mINFO[0m - Saved metadata to: /__modal/volumes/vo-5lJiXYRRv6peac8JOAv0eu/out/p02_mst_sweep/S2C3_LEARNED_AGGDIST_TOPK1_x_CONCAT_FINAL_D8/depth_8/ckpt_base/base/meta_001000.json
2026-05-13 17:39:49,091 - nanochat.checkpoint_manager - [32m[1mINFO[0m - Saved optimizer state to: /__modal/volumes/vo-5lJiXYRRv6peac8JOAv0eu/out/p02_mst_sweep/S2C3_LEARNED_AGGDIST_TOPK1_x_CONCAT_FINAL_D8/depth_8/ckpt_base/base/optim_001000_rank0.pt
Removed previous periodic checkpoint at step 000800
step 01000/01680 (59.52%) | loss: 4.494776 | lrm: 0.64 | lr(adamw:2.612e-01, muon:9.073e-03) | dt: 584.54ms | tok/sec: 448,459 | bf16_mfu: 12.48 | epoch: 1 pq: 5 rg: 73 | total time: 9.26m | eta: 6.4m
2026-05-13 17:41:40,719 - nanochat.checkpoint_manager - [32m[1mINFO[0m - Saved model parameters to: /__modal/volumes/vo-5lJiXYRRv6peac8JOAv0eu/out/p02_mst_sweep/S2C3_LEARNED_AGGDIST_TOPK1_x_CONCAT_FINAL_D8/depth_8/ckpt_base/base/model_001200.pt
2026-05-13 17:41:40,722 - nanochat.checkpoint_manager - [32m[1mINFO[0m - Saved metadata to: /__modal/volumes/vo-5lJiXYRRv6peac8JOAv0eu/out/p02_mst_sweep/S2C3_LEARNED_AGGDIST_TOPK1_x_CONCAT_FINAL_D8/depth_8/ckpt_base/base/meta_001200.json
2026-05-13 17:41:41,007 - nanochat.checkpoint_manager - [32m[1mINFO[0m - Saved optimizer state to: /__modal/volumes/vo-5lJiXYRRv6peac8JOAv0eu/out/p02_mst_sweep/S2C3_LEARNED_AGGDIST_TOPK1_x_CONCAT_FINAL_D8/depth_8/ckpt_base/base/optim_001200_rank0.pt
Removed previous periodic checkpoint at step 001000
step 01200/01680 (71.43%) | loss: 4.437056 | lrm: 0.47 | lr(adamw:1.903e-01, muon:6.613e-03) | dt: 567.58ms | tok/sec: 461,861 | bf16_mfu: 12.86 | epoch: 1 pq: 7 rg: 5 | total time: 11.11m | eta: 4.5m
2026-05-13 17:43:34,719 - nanochat.checkpoint_manager - [32m[1mINFO[0m - Saved model parameters to: /__modal/volumes/vo-5lJiXYRRv6peac8JOAv0eu/out/p02_mst_sweep/S2C3_LEARNED_AGGDIST_TOPK1_x_CONCAT_FINAL_D8/depth_8/ckpt_base/base/model_001400.pt
2026-05-13 17:43:34,721 - nanochat.checkpoint_manager - [32m[1mINFO[0m - Saved metadata to: /__modal/volumes/vo-5lJiXYRRv6peac8JOAv0eu/out/p02_mst_sweep/S2C3_LEARNED_AGGDIST_TOPK1_x_CONCAT_FINAL_D8/depth_8/ckpt_base/base/meta_001400.json
2026-05-13 17:43:35,033 - nanochat.checkpoint_manager - [32m[1mINFO[0m - Saved optimizer state to: /__modal/volumes/vo-5lJiXYRRv6peac8JOAv0eu/out/p02_mst_sweep/S2C3_LEARNED_AGGDIST_TOPK1_x_CONCAT_FINAL_D8/depth_8/ckpt_base/base/optim_001400_rank0.pt
Removed previous periodic checkpoint at step 001200
step 01400/01680 (83.33%) | loss: 4.378761 | lrm: 0.29 | lr(adamw:1.195e-01, muon:4.152e-03) | dt: 654.76ms | tok/sec: 400,366 | bf16_mfu: 11.14 | epoch: 1 pq: 8 rg: 20 | total time: 13.00m | eta: 2.6m
2026-05-13 17:45:29,258 - nanochat.checkpoint_manager - [32m[1mINFO[0m - Saved model parameters to: /__modal/volumes/vo-5lJiXYRRv6peac8JOAv0eu/out/p02_mst_sweep/S2C3_LEARNED_AGGDIST_TOPK1_x_CONCAT_FINAL_D8/depth_8/ckpt_base/base/model_001600.pt
2026-05-13 17:45:29,261 - nanochat.checkpoint_manager - [32m[1mINFO[0m - Saved metadata to: /__modal/volumes/vo-5lJiXYRRv6peac8JOAv0eu/out/p02_mst_sweep/S2C3_LEARNED_AGGDIST_TOPK1_x_CONCAT_FINAL_D8/depth_8/ckpt_base/base/meta_001600.json
2026-05-13 17:45:29,566 - nanochat.checkpoint_manager - [32m[1mINFO[0m - Saved optimizer state to: /__modal/volumes/vo-5lJiXYRRv6peac8JOAv0eu/out/p02_mst_sweep/S2C3_LEARNED_AGGDIST_TOPK1_x_CONCAT_FINAL_D8/depth_8/ckpt_base/base/optim_001600_rank0.pt
Removed previous periodic checkpoint at step 001400
step 01600/01680 (95.24%) | loss: 4.370219 | lrm: 0.12 | lr(adamw:4.869e-02, muon:1.691e-03) | dt: 578.64ms | tok/sec: 453,034 | bf16_mfu: 12.61 | epoch: 1 pq: 9 rg: 34 | total time: 14.90m | eta: 0.7m
step 01679/01680 (99.94%) | loss: 4.368831 | lrm: 0.05 | lr(adamw:2.071e-02, muon:7.194e-04) | dt: 582.39ms | tok/sec: 450,114 | bf16_mfu: 12.53 | epoch: 1 pq: 9 rg: 73 | total time: 15.65m | eta: 0.0m
/usr/local/lib/python3.12/site-packages/torch/_dynamo/variables/functions.py:1598: UserWarning: Dynamo does not know how to trace the builtin `torch._C._distributed_c10d.pybind11_detail_function_record_v1_system_libstdcpp_gxx_abi_1xxx_use_cxx11_abi_1._broadcast_coalesced.` This function is either a Python builtin (e.g. _warnings.warn) or a third-party C/C++ Python extension (perhaps created with pybind).
If it is a Python builtin, please file an issue on GitHub so the PyTorch team can add support for it and see the next case for a workaround.
If it is a third-party C/C++ Python extension, please either wrap it into a PyTorch-understood custom operator (see https://pytorch.org/tutorials/advanced/custom_ops_landing_page.html for more details) or, if it is traceable, use `torch.compiler.allow_in_graph`.
  torch._dynamo.utils.warn_once(explanation + "\n" + "\n".join(hints))
/usr/local/lib/python3.12/site-packages/torch/_inductor/lowering.py:7242: UserWarning: 
Online softmax is disabled on the fly since Inductor decides to
split the reduction. Cut an issue to PyTorch if this is an
important use case and you want to speed it up with online
softmax.

  warnings.warn(
/usr/local/lib/python3.12/site-packages/torch/_inductor/lowering.py:7242: UserWarning: 
Online softmax is disabled on the fly since Inductor decides to
split the reduction. Cut an issue to PyTorch if this is an
important use case and you want to speed it up with online
softmax.

  warnings.warn(
Step 01680 | Validation bpb: 1.229945
<|bos|>The capital of France is a country where the country is the country. The country is the country's country
<|bos|>The chemical symbol of gold is the symbol of gold. It is the symbol of gold, and it is the
<|bos|>If yesterday was Friday, then tomorrow will be the time to get the same information about the world. The time it takes to
<|bos|>The opposite of hot is the reason for the fact that the fact is not a good idea. The fact
<|bos|>The planets of the solar system are: the planets of the solar system are the planets of the solar system. The planets
<|bos|>My favorite color is the color of the color. I have a lot of colors, but I have
<|bos|>If 5*x + 3 = 13, then x is the 5x. If x is 5, then x is the 
2026-05-13 17:56:45,219 - nanochat.checkpoint_manager - [32m[1mINFO[0m - Saved model parameters to: /__modal/volumes/vo-5lJiXYRRv6peac8JOAv0eu/out/p02_mst_sweep/S2C3_LEARNED_AGGDIST_TOPK1_x_CONCAT_FINAL_D8/depth_8/ckpt_base/base/model_001680.pt
2026-05-13 17:56:45,221 - nanochat.checkpoint_manager - [32m[1mINFO[0m - Saved metadata to: /__modal/volumes/vo-5lJiXYRRv6peac8JOAv0eu/out/p02_mst_sweep/S2C3_LEARNED_AGGDIST_TOPK1_x_CONCAT_FINAL_D8/depth_8/ckpt_base/base/meta_001680.json
2026-05-13 17:56:45,583 - nanochat.checkpoint_manager - [32m[1mINFO[0m - Saved optimizer state to: /__modal/volumes/vo-5lJiXYRRv6peac8JOAv0eu/out/p02_mst_sweep/S2C3_LEARNED_AGGDIST_TOPK1_x_CONCAT_FINAL_D8/depth_8/ckpt_base/base/optim_001680_rank0.pt
step 01680/01680 (final) | loss: 4.368831 | early_stop: 0
Peak memory usage: 61308.60MiB
Total training time: 15.65m
Minimum validation bpb: 1.229945
[MST] Results appended → /__modal/volumes/vo-5lJiXYRRv6peac8JOAv0eu/out/p02_mst_sweep/S2C3_LEARNED_AGGDIST_TOPK1_x_CONCAT_FINAL_D8/depth_8/ckpt_base/mst_results.csv
[MST] Results also appended → /root/nanochat/mst_results.csv
Final Validation BPB for base: 1.2299

--- Generating Report ---
Saved plot to out/p02_mst_sweep/S2C3_LEARNED_AGGDIST_TOPK1_x_CONCAT_FINAL_D8/depth_8/comparison_depth_8.png
Saved TSV data to out/p02_mst_sweep/S2C3_LEARNED_AGGDIST_TOPK1_x_CONCAT_FINAL_D8/depth_8/results_depth_8.tsv
Generating report to out/report/report.md
Copying report.md to current directory for convenience
================================================================
Sweep Complete! Results saved to out/p02_mst_sweep/S2C3_LEARNED_AGGDIST_TOPK1_x_CONCAT_FINAL_D8
================================================================
