╔══════════════════════════════════════════════════════════════╗
║  [29A]  29A_8T_TOP1_BASELINE_D8
║  8T top-1 sparse routing (Full rank baseline)
╚══════════════════════════════════════════════════════════════╝

Requested NPROC_PER_NODE=8, but only 1 GPU(s) visible. Capping.
Using NPROC_PER_NODE=1
NANOCHAT_SKIP_ENV_SETUP=0
===== GPU Info =====
Tue Apr 28 17:22:04 2026       
+-----------------------------------------------------------------------------------------+
| NVIDIA-SMI 580.95.05              Driver Version: 580.95.05      CUDA Version: 13.0     |
+-----------------------------------------+------------------------+----------------------+
| GPU  Name                 Persistence-M | Bus-Id          Disp.A | Volatile Uncorr. ECC |
| Fan  Temp   Perf          Pwr:Usage/Cap |           Memory-Usage | GPU-Util  Compute M. |
|                                         |                        |               MIG M. |
|=========================================+========================+======================|
|   0  NVIDIA H200                    On  |   00000000:53:00.0 Off |                    0 |
| N/A   32C    P0            115W /  700W |    2395MiB / 143771MiB |      0%      Default |
|                                         |                        |             Disabled |
+-----------------------------------------+------------------------+----------------------+

+-----------------------------------------------------------------------------------------+
| Processes:                                                                              |
|  GPU   GI   CI              PID   Type   Process name                        GPU Memory |
|        ID   ID                                                               Usage      |
|=========================================================================================|
|    0   N/A  N/A               1      C   /bin/dumb-init                         2386MiB |
+-----------------------------------------------------------------------------------------+
Starting Research Sweep. Output directory: out/sweep_p29/29A_8T_TOP1_BASELINE_D8
UV_SYSTEM_PYTHON=1: using system Python, skipping venv creation.
Validating system environment dependencies via uv...
Using Python 3.12.6 environment at: /usr/local
Audited 1 package in 54ms
Reset report and wrote header to out/report/header.md
Dataset (up to 170 shards) already exists in data, skipping download.
Tokenizer already exists in tokenizer, skipping training.
================================================================
Processing Depth: 8
================================================================
2026-04-28 17:22:19,457 - httpx - INFO - HTTP Request: HEAD https://huggingface.co/varunneal/flash-attention-3/resolve/main/kernel-status.toml "HTTP/1.1 404 Not Found"
2026-04-28 17:22:19,529 - httpx - INFO - HTTP Request: GET https://huggingface.co/api/models/varunneal/flash-attention-3/tree/main/build?recursive=false&expand=false "HTTP/1.1 200 OK"
2026-04-28 17:22:19,605 - httpx - INFO - HTTP Request: GET https://huggingface.co/api/models/varunneal/flash-attention-3/revision/main "HTTP/1.1 200 OK"
[sweep] Requested 8 DDP workers but only 1 GPU(s) available — using 1.
================================================================
Unfinished experiments found from a previous run:
  [remixed-linear] ckpt_dir = /root/nanochat/out/sweep_p29/29A_8T_TOP1_BASELINE_D8/depth_8/ckpt_remixed-linear
These will be resumed from their last checkpoint.
================================================================
================================================================
Starting Sweep for Depth 8
Target Tokens: Auto (per-model param count)
================================================================
  Overriding default target_dim (128) with full model_dim 256

--- Training remixed-linear ---

  ┌─────────────────────────────────────────────────────┐
  │  🆕  STARTING FRESH: [remixed-linear]
  │     No checkpoints found — training from scratch.
  └─────────────────────────────────────────────────────┘

Running: /usr/local/bin/torchrun --standalone --nproc_per_node=1 -m scripts.base_train --depth 8 --aspect-ratio 32 --head-dim 128 --model-dim 256 --max-seq-len 2048 --device-batch-size 64 --total-batch-size 262144 --target-tokens -1 --eval-every -1 --log-every 200 --core-metric-every 0 --save-every 200 --warmup-ratio 0.2 --warmdown-ratio 0.5 --final-lr-frac 0.0 --adam-beta2 0.99 --research-warmup-ratio 0.05 --use-onecycle 0 --router-context-window -1 --remix-use-basis-gate 0 --remix-use-output-gate 1 --remix-use-context 1 --remix-basis-gate-mode centered --remix-gate-lr-scale 0.3 --p22-n-templates 8 --p22-template-routing-learned 1 --p22-template-topk 1 --p22-attn-moe-route none --p26-output-gated-linear 0 --p28-shared-basis 0 --p28-chunk-routing-size 0 --p28-global-template-bank none --p28-attn-proj-templates 0 --p28-attn-qk-templates 0 --target-active-params 0 --remix-basis-gate-rank 8 --cclblock-modulation weight --cclblock-orth-lambda 0.0 --cclblock-context-stream selective --cclblock-ema-factor 0.99 --cclblock-stale-ctx-lag 0 --cclblock-sparse-gate-k 0 --cclblock-gate-temperature 2.0 --cclblock-context-bank-size 0 --cclblock-per-head-ctx 0 --cclblock-context-source norm_x --cclblock-chunk-size 0 --cclblock-aux-objective none --cclblock-aux-lambda 0.1 --cclblock-boundary-token-id 198 --use-ral 0 --ral-rank 32 --cclblock-film-gate 0 --cclblock-attn-shadow-dim 0 --cclblock-dynamic-ratio 0.25 --cclblock-gate-rank 8 --cclblock-num-regimes 8 --cclblock-regime-temperature 1.0 --cclblock-poly-order 2 --cclblock-lie-generators 4 --cclblock-grassmann-bank-size 4 --cclblock-tucker-rank 32 --cclblock-tucker-modes 8 --cclblock-svs-rank 64 --cclblock-svs-eps 0.1 --cclblock-vq-codes 8 --cclblock-vq-temperature 1.0 --cclblock-dcu-warmup-steps 0 --cclblock-fsi-rotations 8 --cclblock-fsi-selector-dim 64 --cclblock-aesp-strata 4 --cclblock-aesp-delta-rank 4 --cclblock-ckr-branches 4 --cclblock-ckr-kernel-size 64 --cclblock-ckr-pos-channels 1 --cclblock-ckr-dual-optim 0 --cclblock-ckr-content-bias 0.0 --cclblock-giad-rank 32 --cclblock-psg-kernel-size 64 --cclblock-ss-dynamic-ratio 0.25 --cclblock-ss-branches 2 --cclblock-ss-kernel-size 64 --cclblock-lokr-branches 8 --cclblock-lokr-rank 16 --cclblock-ckr-temp-start 2.0 --cclblock-ckr-temp-end 0.3 --cclblock-com-kernel-size 32 --cclblock-ckr-ortho-init 0 --cclblock-ckr-branch-dropout 0.0 --cclblock-ckr-diversity-lambda 0.0 --cclblock-pgr-kernel-size 64 --cclblock-cil-kernel-size 64 --cclblock-prb-kernel-size 64 --p18-layer-drop 0.0 --p18-dynamic-activation 0 --p18-mixture-norm 0 --p18-aux-sim-lambda 0.0 --p18-gradient-penalty 0.0 --p18-per-channel-scale 0 --p19-residual-gate 0 --p19-head-importance 0 --p19-residual-mix-groups 0 --p19-attn-logit-bias 0 --p19-residual-decay 0 --p19-grad-equilibrium 0.0 --p19-spectral-reparam 0 --p19-weight-anticollapse 0.0 --p19-ve-bias 0 --p19-weight-noise 0.0 --p20-hrcs-scale 0 --p20-lswr-scale 0 --p20-lswr-planes 8 --p20-lrcfb-branches 0 --p20-lrcfb-narrow 0 --p20-lrcfb-learned 0 --p20-lrcfb-topk 0 --p20-dgcr-branches 0 --p20-dgcr-aux-weight 0.01 --p20-mone-experts 0 --p20-mone-topk 0 --p20-mone-narrow 1 --p20-mone-frozen 0 --p20-ncea-branches 0 --p20-ncea-eps 0.1 --p20-adwi 0 --p20-pwu-branches 0 --p20-pwu-phase 1 --p20-fsvd-gate 0 --p20-wbfc-clusters 0 --p20-wbfc-active 0 --p21-per-experts 0 --p21-per-topk 0 --p21-per-learned 0 --p21-per-attn 0 --p23-tiny-expert 0 --p23-n-experts 64 --p23-topk 16 --p23-learned-route 0 --p23-std-moe-experts 0 --p23-std-moe-topk -1 --p23-std-moe-aux-weight 0.01 --p23-lokr 0 --p23-lokr-rank 4 --p23-use-shared-block-router 0 --p23-linear-moe-experts 0 --p23-linear-moe-topk 0 --p23-quantile-route 1 --p24-use-sliced-weight 0 --p24-sliced-weight-reduction-scale 8 --p24-sliced-weight-min-select 128 --p24-sliced-weight-scope per_token --p24-sliced-weight-balance-coeff 0.01 --p24-quantile-route 0 --p24-use-folded-mod 0 --p24-folded-mod-reduction-scale 8 --p24-folded-mod-scope per_layer --p24-folded-mod-gate-act tanh_centered --p24-use-sequence-gated-linear 0 --p24-sequence-gated-scope per_layer --p24-sequence-gated-act tanh_centered --p24-folded-mod-min-dim 128 --remix-shared-context-gates 0 --remix-use-dual-gate 0 --remix-basis-scale-factor 4 --remix-output-gate-rank 16 --p24-use-sliced-weight 0 --p24-sliced-weight-reduction-scale 8 --p24-sliced-weight-min-select 128 --p24-sliced-weight-scope per_token --p24-sliced-weight-balance-coeff 0.01 --p24-quantile-route 0 --p24-use-folded-mod 0 --p24-folded-mod-reduction-scale 8 --p24-folded-mod-scope per_layer --p24-folded-mod-gate-act tanh_centered --p24-use-sequence-gated-linear 0 --p24-sequence-gated-scope per_layer --p24-sequence-gated-act tanh_centered --compile --fp8 --tokenizer-dir tokenizer --data-dir data --max-shards 170 --use-remix-linear --moe-embed-dim 256 --moe-router-dim 256 --remix-context-dim 256 --remix-basis-size 512 --embedding-lr 0.104074 --unembedding-lr 0.0245175 --matrix-lr 0.0329274 --scalar-lr 0.152507 --checkpoints-dir /root/nanochat/out/sweep_p29/29A_8T_TOP1_BASELINE_D8/depth_8/ckpt_remixed-linear --model-tag remixed-linear --mu-p-scale-override 1.7320508075688774
2026-04-28 17:22:30,958 - httpx - INFO - HTTP Request: HEAD https://huggingface.co/varunneal/flash-attention-3/resolve/main/kernel-status.toml "HTTP/1.1 404 Not Found"
2026-04-28 17:22:31,030 - httpx - INFO - HTTP Request: GET https://huggingface.co/api/models/varunneal/flash-attention-3/tree/main/build?recursive=false&expand=false "HTTP/1.1 200 OK"
2026-04-28 17:22:31,106 - httpx - INFO - HTTP Request: GET https://huggingface.co/api/models/varunneal/flash-attention-3/revision/main "HTTP/1.1 200 OK"

                                                       █████                █████
                                                      ░░███                ░░███
     ████████    ██████   ████████    ██████   ██████  ░███████    ██████  ███████
    ░░███░░███  ░░░░░███ ░░███░░███  ███░░███ ███░░███ ░███░░███  ░░░░░███░░░███░
     ░███ ░███   ███████  ░███ ░███ ░███ ░███░███ ░░░  ░███ ░███   ███████  ░███
     ░███ ░███  ███░░███  ░███ ░███ ░███ ░███░███  ███ ░███ ░███  ███░░███  ░███ ███
     ████ █████░░████████ ████ █████░░██████ ░░██████  ████ █████░░███████  ░░█████
    ░░░░ ░░░░░  ░░░░░░░░ ░░░░ ░░░░░  ░░░░░░   ░░░░░░  ░░░░ ░░░░░  ░░░░░░░░   ░░░░░
    
Autodetected device type: cuda
2026-04-28 17:22:32,766 - nanochat.common - INFO - Distributed world size: 1
GPU: NVIDIA H200 | Peak FLOPS (BF16): 9.89e+14
COMPUTE_DTYPE: torch.bfloat16 (auto-detected: CUDA SM 90 (bf16 supported))
✓ Using Flash Attention 3 (Hopper GPU detected), efficient, new and awesome.
Vocab size: 32,768
remix_context_dim auto-scaled to 256 (n_embd=256 // ratio=6)
router_context_window auto-capped to 256 (sequence_len=2048 > 512). Set router_context_window explicitly to override.
Model config:
{
  "sequence_len": 2048,
  "vocab_size": 32768,
  "n_layer": 8,
  "n_head": 2,
  "n_kv_head": 2,
  "n_embd": 256,
  "use_moe": false,
  "use_perm": false,
  "moe_num_experts": 8,
  "moe_router_dim": 256,
  "moe_embed_dim": 256,
  "dropout": 0.0,
  "use_remix_linear": true,
  "remix_context_dim": 256,
  "remix_context_dim_ratio": 6,
  "remix_basis_size": 512,
  "remix_output_gate_rank": 16,
  "remixed_linear_kwargs": {
    "use_basis_gate": false,
    "use_output_gate": true,
    "use_context": true,
    "basis_gate_mode": "centered",
    "sparse_gate_k": 0,
    "gate_temperature": 2.0,
    "basis_scale_factor": 4,
    "n_templates": 8,
    "template_routing_learned": true,
    "template_topk": 1,
    "tiny_expert": false,
    "tiny_expert_topk": 16,
    "lokr_expert": false,
    "lokr_n_experts": 64,
    "lokr_topk": 16,
    "lokr_rank": 4,
    "lokr_learned": false,
    "basis_gate_rank": 8,
    "output_gate_rank": 16,
    "operator_modulation": "none",
    "lie_generators": 4,
    "poly_order": 2,
    "grassmann_bank_size": 4
  },
  "use_pos_embed": false,
  "moe_use_abs_pos_embed": false,
  "use_layer_context": true,
  "scale_basis_size": true,
  "remix_use_dual_gate": false,
  "p26_output_gated_linear": 0,
  "p28_shared_basis": 0,
  "p28_chunk_routing_size": 0,
  "p28_global_template_bank": "none",
  "p28_attn_proj_templates": 0,
  "p28_attn_qk_templates": 0,
  "perm_expert_mode": "low_rank",
  "perm_rank": 16,
  "router_context_window": 256,
  "router_causal": true,
  "router_num_heads": 4,
  "router_num_queries": 16,
  "router_n_layers": 2,
  "router_use_vocab_prior": false,
  "window_pattern": "SSSL",
  "cclblock_modulation": "weight",
  "cclblock_orth_lambda": 0.0,
  "cclblock_context_stream": "selective",
  "cclblock_ema_factor": 0.99,
  "cclblock_stale_ctx_lag": 0,
  "cclblock_sparse_gate_k": 0,
  "cclblock_gate_temperature": 2.0,
  "cclblock_context_bank_size": 0,
  "cclblock_per_head_ctx": false,
  "cclblock_context_source": "norm_x",
  "cclblock_chunk_size": 0,
  "cclblock_aux_objective": "none",
  "cclblock_aux_lambda": 0.1,
  "cclblock_boundary_token_id": 198,
  "use_ral": false,
  "ral_rank": 32,
  "cclblock_film_gate": false,
  "cclblock_attn_shadow_dim": 0,
  "cclblock_dynamic_ratio": 0.25,
  "cclblock_gate_rank": 8,
  "cclblock_num_regimes": 8,
  "cclblock_regime_temperature": 1.0,
  "cclblock_poly_order": 2,
  "cclblock_lie_generators": 4,
  "cclblock_grassmann_bank_size": 4,
  "cclblock_tucker_rank": 32,
  "cclblock_tucker_modes": 8,
  "cclblock_svs_rank": 64,
  "cclblock_svs_eps": 0.1,
  "cclblock_vq_codes": 8,
  "cclblock_vq_temperature": 1.0,
  "cclblock_dcu_warmup_steps": 0,
  "cclblock_fsi_rotations": 8,
  "cclblock_fsi_selector_dim": 64,
  "cclblock_aesp_strata": 4,
  "cclblock_aesp_delta_rank": 4,
  "cclblock_ckr_branches": 4,
  "cclblock_ckr_kernel_size": 64,
  "cclblock_ckr_pos_channels": 1,
  "cclblock_ckr_dual_optim": 0,
  "cclblock_ckr_content_bias": 0.0,
  "cclblock_giad_rank": 32,
  "cclblock_psg_kernel_size": 64,
  "cclblock_ss_dynamic_ratio": 0.25,
  "cclblock_ss_branches": 2,
  "cclblock_ss_kernel_size": 64,
  "cclblock_lokr_branches": 8,
  "cclblock_lokr_rank": 16,
  "cclblock_ckr_temp_start": 2.0,
  "cclblock_ckr_temp_end": 0.3,
  "cclblock_com_kernel_size": 32,
  "cclblock_ckr_ortho_init": 0,
  "cclblock_ckr_branch_dropout": 0.0,
  "cclblock_ckr_diversity_lambda": 0.0,
  "cclblock_ckr_layer_selective": 0,
  "cclblock_pgr_kernel_size": 64,
  "cclblock_cil_kernel_size": 64,
  "cclblock_prb_kernel_size": 64,
  "p18_layer_drop": 0.0,
  "p18_dynamic_activation": 0,
  "p18_mixture_norm": 0,
  "p18_causal_attn_bias": 0,
  "p18_aux_sim_lambda": 0.0,
  "p18_gradient_penalty": 0.0,
  "p18_per_channel_scale": 0,
  "p19_residual_gate": 0,
  "p19_head_importance": 0,
  "p19_residual_mix_groups": 0,
  "p19_attn_logit_bias": 0,
  "p19_residual_decay": 0,
  "p19_grad_equilibrium": 0.0,
  "p19_spectral_reparam": 0,
  "p19_weight_anticollapse": 0.0,
  "p19_ve_bias": 0,
  "p19_weight_noise": 0.0,
  "p20_hrcs_scale": 0,
  "p20_lswr_scale": 0,
  "p20_lswr_planes": 8,
  "p20_lrcfb_branches": 0,
  "p20_lrcfb_narrow": 0,
  "p20_lrcfb_learned": 0,
  "p20_lrcfb_topk": 0,
  "p20_dgcr_branches": 0,
  "p20_dgcr_aux_weight": 0.01,
  "p20_mone_experts": 0,
  "p20_mone_topk": 0,
  "p20_mone_narrow": 1,
  "p20_mone_frozen": 0,
  "p20_ncea_branches": 0,
  "p20_ncea_eps": 0.1,
  "p20_adwi": 0,
  "p20_pwu_branches": 0,
  "p20_pwu_phase": 1,
  "p20_fsvd_gate": 0,
  "p20_wbfc_clusters": 0,
  "p20_wbfc_active": 0,
  "p21_per_experts": 0,
  "p21_per_topk": 0,
  "p21_per_learned": 0,
  "p21_per_attn": 0,
  "p22_attn_moe_route": "none",
  "p23_tiny_expert": 0,
  "p23_n_experts": 64,
  "p23_topk": 16,
  "p23_learned_route": 0,
  "p23_std_moe_experts": 0,
  "p23_std_moe_topk": -1,
  "p23_std_moe_aux_weight": 0.01,
  "p23_lokr": 0,
  "p23_lokr_rank": 4,
  "p23_use_shared_block_router": 0,
  "p23_linear_moe_experts": 0,
  "p23_linear_moe_topk": 0,
  "p23_quantile_route": 1,
  "remix_shared_context_gates": 0,
  "p24_use_sliced_weight": 0,
  "p24_sliced_weight_reduction_scale": 8,
  "p24_sliced_weight_min_select": 128,
  "p24_sliced_weight_scope": "per_token",
  "p24_sliced_weight_balance_coeff": 0.01,
  "p24_quantile_route": 0,
  "p24_use_folded_mod": 0,
  "p24_folded_mod_reduction_scale": 8,
  "p24_folded_mod_min_dim": 128,
  "p24_folded_mod_scope": "per_layer",
  "p24_folded_mod_gate_act": "tanh_centered",
  "p24_use_sequence_gated_linear": 0,
  "p24_sequence_gated_scope": "per_layer",
  "p24_sequence_gated_act": "tanh_centered"
}
Modulation diagnostics: no position-conditioned layers found (mode=weight)
Checkpoints directory: /root/nanochat/out/sweep_p29/29A_8T_TOP1_BASELINE_D8/depth_8/ckpt_remixed-linear/remixed-linear
✓ FP8 training enabled (tensorwise scaling) - converted 65/117 linear layers, skipped 52 (too small)
✓ Wrapping model with DistributedDataParallel (rank 0)
Parameter counts:
wte                     : 8,388,608
wpe                     : 0
value_embeds            : 33,554,432
lm_head                 : 8,388,608
transformer_matrices    : 86,694,960
research                : 0
scalars                 : 16
total                   : 137,026,624
Estimated FLOPs per token (total):  5.878029e+08
Estimated FLOPs per token (active): 1.914412e+08
Estimated active params:            70,966,336
remix_context_dim auto-scaled to 256 (n_embd=256 // ratio=6)
router_context_window auto-capped to 256 (sequence_len=2048 > 512). Set router_context_window explicitly to override.
Scaling LRs by 0.7071 for batch size 262,144 (reference: 524,288)
Scaling weight decay from 0.200000 to 0.205894 for depth 8
μP LR scaling OVERRIDDEN to 1.732051
Calculated number of iterations from target data:param ratio: 3,808
Total number of training tokens: 998,244,352
Tokens : Scaling params ratio: 10.50
Total training FLOPs estimate: 5.867709e+17
Research mode with OneCycle disabled: using base warmup/flat/warmdown schedule
Tokens / micro-batch / rank: 64 x 2048 = 131,072
Tokens / micro-batch: 131,072
Total batch size 262,144 => gradient accumulation steps: 2
[rank0]:W0428 17:22:34.459000 11199 site-packages/torch/_logging/_internal.py:1199] [0/0] Profiler function <class 'torch.autograd.profiler.record_function'> will be ignored
/usr/local/lib/python3.12/site-packages/torch/_inductor/lowering.py:7242: UserWarning: 
Online softmax is disabled on the fly since Inductor decides to
split the reduction. Cut an issue to PyTorch if this is an
important use case and you want to speed it up with online
softmax.

  warnings.warn(
/usr/local/lib/python3.12/site-packages/torch/_inductor/lowering.py:7242: UserWarning: 
Online softmax is disabled on the fly since Inductor decides to
split the reduction. Cut an issue to PyTorch if this is an
important use case and you want to speed it up with online
softmax.

  warnings.warn(
/usr/local/lib/python3.12/site-packages/torch/_inductor/lowering.py:7242: UserWarning: 
Online softmax is disabled on the fly since Inductor decides to
split the reduction. Cut an issue to PyTorch if this is an
important use case and you want to speed it up with online
softmax.

  warnings.warn(
/usr/local/lib/python3.12/site-packages/torch/_inductor/lowering.py:7242: UserWarning: 
Online softmax is disabled on the fly since Inductor decides to
split the reduction. Cut an issue to PyTorch if this is an
important use case and you want to speed it up with online
softmax.

  warnings.warn(
/usr/local/lib/python3.12/site-packages/torch/_inductor/lowering.py:7242: UserWarning: 
Online softmax is disabled on the fly since Inductor decides to
split the reduction. Cut an issue to PyTorch if this is an
important use case and you want to speed it up with online
softmax.

  warnings.warn(
/usr/local/lib/python3.12/site-packages/torch/_inductor/lowering.py:7242: UserWarning: 
Online softmax is disabled on the fly since Inductor decides to
split the reduction. Cut an issue to PyTorch if this is an
important use case and you want to speed it up with online
softmax.

  warnings.warn(
/usr/local/lib/python3.12/site-packages/torch/_inductor/lowering.py:7242: UserWarning: 
Online softmax is disabled on the fly since Inductor decides to
split the reduction. Cut an issue to PyTorch if this is an
important use case and you want to speed it up with online
softmax.

  warnings.warn(
/usr/local/lib/python3.12/site-packages/torch/_inductor/lowering.py:7242: UserWarning: 
Online softmax is disabled on the fly since Inductor decides to
split the reduction. Cut an issue to PyTorch if this is an
important use case and you want to speed it up with online
softmax.

  warnings.warn(
/usr/local/lib/python3.12/site-packages/torch/_inductor/lowering.py:7242: UserWarning: 
Online softmax is disabled on the fly since Inductor decides to
split the reduction. Cut an issue to PyTorch if this is an
important use case and you want to speed it up with online
softmax.

  warnings.warn(
/usr/local/lib/python3.12/site-packages/torch/_inductor/lowering.py:7242: UserWarning: 
Online softmax is disabled on the fly since Inductor decides to
split the reduction. Cut an issue to PyTorch if this is an
important use case and you want to speed it up with online
softmax.

  warnings.warn(
/usr/local/lib/python3.12/site-packages/torch/_inductor/lowering.py:7242: UserWarning: 
Online softmax is disabled on the fly since Inductor decides to
split the reduction. Cut an issue to PyTorch if this is an
important use case and you want to speed it up with online
softmax.

  warnings.warn(
/usr/local/lib/python3.12/site-packages/torch/_inductor/lowering.py:7242: UserWarning: 
Online softmax is disabled on the fly since Inductor decides to
split the reduction. Cut an issue to PyTorch if this is an
important use case and you want to speed it up with online
softmax.

  warnings.warn(
/usr/local/lib/python3.12/site-packages/torch/_inductor/lowering.py:7242: UserWarning: 
Online softmax is disabled on the fly since Inductor decides to
split the reduction. Cut an issue to PyTorch if this is an
important use case and you want to speed it up with online
softmax.

  warnings.warn(
/usr/local/lib/python3.12/site-packages/torch/_inductor/lowering.py:7242: UserWarning: 
Online softmax is disabled on the fly since Inductor decides to
split the reduction. Cut an issue to PyTorch if this is an
important use case and you want to speed it up with online
softmax.

  warnings.warn(
/usr/local/lib/python3.12/site-packages/torch/_inductor/lowering.py:7242: UserWarning: 
Online softmax is disabled on the fly since Inductor decides to
split the reduction. Cut an issue to PyTorch if this is an
important use case and you want to speed it up with online
softmax.

  warnings.warn(
/usr/local/lib/python3.12/site-packages/torch/_inductor/lowering.py:7242: UserWarning: 
Online softmax is disabled on the fly since Inductor decides to
split the reduction. Cut an issue to PyTorch if this is an
important use case and you want to speed it up with online
softmax.

  warnings.warn(
step 00000/03808 (0.00%) | loss: 10.397087 | lrm: 0.00 | lr(adamw:1.140e-04, muon:1.986e-05) | dt: 479943.77ms | tok/sec: 546 | bf16_mfu: 0.03 | epoch: 1 pq: 0 rg: 1 | total time: 0.00m
  gate_stats | layers=44 | basis µ=nan σ=nan dead=nan% sat=nan% | out µ=1.000 σ=0.000 | ∇gate=0.000e+00 ∇struct=0.000e+00
2026-04-28 17:33:28,988 - nanochat.checkpoint_manager - INFO - Saved model parameters to: /root/nanochat/out/sweep_p29/29A_8T_TOP1_BASELINE_D8/depth_8/ckpt_remixed-linear/remixed-linear/model_000200.pt
2026-04-28 17:33:28,990 - nanochat.checkpoint_manager - INFO - Saved metadata to: /root/nanochat/out/sweep_p29/29A_8T_TOP1_BASELINE_D8/depth_8/ckpt_remixed-linear/remixed-linear/meta_000200.json
2026-04-28 17:33:30,279 - nanochat.checkpoint_manager - INFO - Saved optimizer state to: /root/nanochat/out/sweep_p29/29A_8T_TOP1_BASELINE_D8/depth_8/ckpt_remixed-linear/remixed-linear/optim_000200_rank0.pt
step 00200/03808 (5.25%) | loss: 4.938254 | lrm: 0.26 | lr(adamw:2.292e-02, muon:3.992e-03) | dt: 858.47ms | tok/sec: 305,362 | bf16_mfu: 18.15 | epoch: 1 pq: 1 rg: 16 | total time: 2.74m | eta: 52.1m
  gate_stats | layers=44 | basis µ=nan σ=nan dead=nan% sat=nan% | out µ=0.986 σ=0.040 | ∇gate=0.000e+00 ∇struct=0.000e+00
2026-04-28 17:36:23,727 - nanochat.checkpoint_manager - INFO - Saved model parameters to: /root/nanochat/out/sweep_p29/29A_8T_TOP1_BASELINE_D8/depth_8/ckpt_remixed-linear/remixed-linear/model_000400.pt
2026-04-28 17:36:23,730 - nanochat.checkpoint_manager - INFO - Saved metadata to: /root/nanochat/out/sweep_p29/29A_8T_TOP1_BASELINE_D8/depth_8/ckpt_remixed-linear/remixed-linear/meta_000400.json
2026-04-28 17:36:25,010 - nanochat.checkpoint_manager - INFO - Saved optimizer state to: /root/nanochat/out/sweep_p29/29A_8T_TOP1_BASELINE_D8/depth_8/ckpt_remixed-linear/remixed-linear/optim_000400_rank0.pt
Removed previous periodic checkpoint at step 000200
step 00400/03808 (10.50%) | loss: 3.998307 | lrm: 0.53 | lr(adamw:4.573e-02, muon:7.964e-03) | dt: 874.25ms | tok/sec: 299,849 | bf16_mfu: 17.82 | epoch: 1 pq: 2 rg: 30 | total time: 5.62m | eta: 49.1m
  gate_stats | layers=44 | basis µ=nan σ=nan dead=nan% sat=nan% | out µ=0.963 σ=0.173 | ∇gate=0.000e+00 ∇struct=0.000e+00
2026-04-28 17:39:19,029 - nanochat.checkpoint_manager - INFO - Saved model parameters to: /root/nanochat/out/sweep_p29/29A_8T_TOP1_BASELINE_D8/depth_8/ckpt_remixed-linear/remixed-linear/model_000600.pt
2026-04-28 17:39:19,032 - nanochat.checkpoint_manager - INFO - Saved metadata to: /root/nanochat/out/sweep_p29/29A_8T_TOP1_BASELINE_D8/depth_8/ckpt_remixed-linear/remixed-linear/meta_000600.json
2026-04-28 17:39:20,225 - nanochat.checkpoint_manager - INFO - Saved optimizer state to: /root/nanochat/out/sweep_p29/29A_8T_TOP1_BASELINE_D8/depth_8/ckpt_remixed-linear/remixed-linear/optim_000600_rank0.pt
Removed previous periodic checkpoint at step 000400
step 00600/03808 (15.76%) | loss: 3.876833 | lrm: 0.79 | lr(adamw:6.853e-02, muon:1.194e-02) | dt: 864.42ms | tok/sec: 303,258 | bf16_mfu: 18.02 | epoch: 1 pq: 3 rg: 43 | total time: 8.50m | eta: 46.2m
  gate_stats | layers=44 | basis µ=nan σ=nan dead=nan% sat=nan% | out µ=0.931 σ=0.273 | ∇gate=0.000e+00 ∇struct=0.000e+00
2026-04-28 17:42:14,212 - nanochat.checkpoint_manager - INFO - Saved model parameters to: /root/nanochat/out/sweep_p29/29A_8T_TOP1_BASELINE_D8/depth_8/ckpt_remixed-linear/remixed-linear/model_000800.pt
2026-04-28 17:42:14,214 - nanochat.checkpoint_manager - INFO - Saved metadata to: /root/nanochat/out/sweep_p29/29A_8T_TOP1_BASELINE_D8/depth_8/ckpt_remixed-linear/remixed-linear/meta_000800.json
2026-04-28 17:42:15,481 - nanochat.checkpoint_manager - INFO - Saved optimizer state to: /root/nanochat/out/sweep_p29/29A_8T_TOP1_BASELINE_D8/depth_8/ckpt_remixed-linear/remixed-linear/optim_000800_rank0.pt
Removed previous periodic checkpoint at step 000600
step 00800/03808 (21.01%) | loss: 3.809230 | lrm: 1.00 | lr(adamw:8.689e-02, muon:1.513e-02) | dt: 859.02ms | tok/sec: 305,167 | bf16_mfu: 18.14 | epoch: 1 pq: 4 rg: 58 | total time: 11.39m | eta: 43.4m
  gate_stats | layers=44 | basis µ=nan σ=nan dead=nan% sat=nan% | out µ=0.885 σ=0.337 | ∇gate=0.000e+00 ∇struct=0.000e+00
2026-04-28 17:45:09,271 - nanochat.checkpoint_manager - INFO - Saved model parameters to: /root/nanochat/out/sweep_p29/29A_8T_TOP1_BASELINE_D8/depth_8/ckpt_remixed-linear/remixed-linear/model_001000.pt
2026-04-28 17:45:09,273 - nanochat.checkpoint_manager - INFO - Saved metadata to: /root/nanochat/out/sweep_p29/29A_8T_TOP1_BASELINE_D8/depth_8/ckpt_remixed-linear/remixed-linear/meta_001000.json
2026-04-28 17:45:10,462 - nanochat.checkpoint_manager - INFO - Saved optimizer state to: /root/nanochat/out/sweep_p29/29A_8T_TOP1_BASELINE_D8/depth_8/ckpt_remixed-linear/remixed-linear/optim_001000_rank0.pt
Removed previous periodic checkpoint at step 000800
step 01000/03808 (26.26%) | loss: 3.713125 | lrm: 1.00 | lr(adamw:8.689e-02, muon:1.513e-02) | dt: 879.04ms | tok/sec: 298,216 | bf16_mfu: 17.72 | epoch: 1 pq: 5 rg: 73 | total time: 14.27m | eta: 40.5m
  gate_stats | layers=44 | basis µ=nan σ=nan dead=nan% sat=nan% | out µ=0.862 σ=0.363 | ∇gate=0.000e+00 ∇struct=0.000e+00
2026-04-28 17:48:04,807 - nanochat.checkpoint_manager - INFO - Saved model parameters to: /root/nanochat/out/sweep_p29/29A_8T_TOP1_BASELINE_D8/depth_8/ckpt_remixed-linear/remixed-linear/model_001200.pt
2026-04-28 17:48:04,810 - nanochat.checkpoint_manager - INFO - Saved metadata to: /root/nanochat/out/sweep_p29/29A_8T_TOP1_BASELINE_D8/depth_8/ckpt_remixed-linear/remixed-linear/meta_001200.json
2026-04-28 17:48:06,113 - nanochat.checkpoint_manager - INFO - Saved optimizer state to: /root/nanochat/out/sweep_p29/29A_8T_TOP1_BASELINE_D8/depth_8/ckpt_remixed-linear/remixed-linear/optim_001200_rank0.pt
Removed previous periodic checkpoint at step 001000
step 01200/03808 (31.51%) | loss: 3.662295 | lrm: 1.00 | lr(adamw:8.689e-02, muon:1.513e-02) | dt: 864.71ms | tok/sec: 303,158 | bf16_mfu: 18.02 | epoch: 1 pq: 7 rg: 4 | total time: 17.16m | eta: 37.6m
  gate_stats | layers=44 | basis µ=nan σ=nan dead=nan% sat=nan% | out µ=0.841 σ=0.376 | ∇gate=0.000e+00 ∇struct=0.000e+00
2026-04-28 17:51:00,341 - nanochat.checkpoint_manager - INFO - Saved model parameters to: /root/nanochat/out/sweep_p29/29A_8T_TOP1_BASELINE_D8/depth_8/ckpt_remixed-linear/remixed-linear/model_001400.pt
2026-04-28 17:51:00,344 - nanochat.checkpoint_manager - INFO - Saved metadata to: /root/nanochat/out/sweep_p29/29A_8T_TOP1_BASELINE_D8/depth_8/ckpt_remixed-linear/remixed-linear/meta_001400.json
2026-04-28 17:51:01,611 - nanochat.checkpoint_manager - INFO - Saved optimizer state to: /root/nanochat/out/sweep_p29/29A_8T_TOP1_BASELINE_D8/depth_8/ckpt_remixed-linear/remixed-linear/optim_001400_rank0.pt
Removed previous periodic checkpoint at step 001200
step 01400/03808 (36.76%) | loss: 3.613676 | lrm: 1.00 | lr(adamw:8.689e-02, muon:1.513e-02) | dt: 931.74ms | tok/sec: 281,348 | bf16_mfu: 16.72 | epoch: 1 pq: 8 rg: 19 | total time: 20.05m | eta: 34.7m
  gate_stats | layers=44 | basis µ=nan σ=nan dead=nan% sat=nan% | out µ=0.820 σ=0.386 | ∇gate=0.000e+00 ∇struct=0.000e+00
2026-04-28 17:53:57,257 - nanochat.checkpoint_manager - INFO - Saved model parameters to: /root/nanochat/out/sweep_p29/29A_8T_TOP1_BASELINE_D8/depth_8/ckpt_remixed-linear/remixed-linear/model_001600.pt
2026-04-28 17:53:57,260 - nanochat.checkpoint_manager - INFO - Saved metadata to: /root/nanochat/out/sweep_p29/29A_8T_TOP1_BASELINE_D8/depth_8/ckpt_remixed-linear/remixed-linear/meta_001600.json
2026-04-28 17:53:58,545 - nanochat.checkpoint_manager - INFO - Saved optimizer state to: /root/nanochat/out/sweep_p29/29A_8T_TOP1_BASELINE_D8/depth_8/ckpt_remixed-linear/remixed-linear/optim_001600_rank0.pt
Removed previous periodic checkpoint at step 001400
step 01600/03808 (42.02%) | loss: 3.591187 | lrm: 1.00 | lr(adamw:8.689e-02, muon:1.513e-02) | dt: 871.41ms | tok/sec: 300,827 | bf16_mfu: 17.88 | epoch: 1 pq: 9 rg: 34 | total time: 22.95m | eta: 31.9m
  gate_stats | layers=44 | basis µ=nan σ=nan dead=nan% sat=nan% | out µ=0.804 σ=0.393 | ∇gate=0.000e+00 ∇struct=0.000e+00
2026-04-28 17:56:54,036 - nanochat.checkpoint_manager - INFO - Saved model parameters to: /root/nanochat/out/sweep_p29/29A_8T_TOP1_BASELINE_D8/depth_8/ckpt_remixed-linear/remixed-linear/model_001800.pt
2026-04-28 17:56:54,038 - nanochat.checkpoint_manager - INFO - Saved metadata to: /root/nanochat/out/sweep_p29/29A_8T_TOP1_BASELINE_D8/depth_8/ckpt_remixed-linear/remixed-linear/meta_001800.json
2026-04-28 17:56:55,239 - nanochat.checkpoint_manager - INFO - Saved optimizer state to: /root/nanochat/out/sweep_p29/29A_8T_TOP1_BASELINE_D8/depth_8/ckpt_remixed-linear/remixed-linear/optim_001800_rank0.pt
Removed previous periodic checkpoint at step 001600
step 01800/03808 (47.27%) | loss: 3.576247 | lrm: 1.00 | lr(adamw:8.689e-02, muon:1.513e-02) | dt: 877.70ms | tok/sec: 298,671 | bf16_mfu: 17.75 | epoch: 1 pq: 10 rg: 48 | total time: 25.86m | eta: 29.0m
  gate_stats | layers=44 | basis µ=nan σ=nan dead=nan% sat=nan% | out µ=0.792 σ=0.393 | ∇gate=0.000e+00 ∇struct=0.000e+00
<|bos|>The capital of France is the capital of the world. The capital of France is the capital of the world
<|bos|>The chemical symbol of gold is the gold symbol of gold. It is the gold symbol of gold. It is
<|bos|>If yesterday was Friday, then tomorrow will be Friday, then tomorrow will be Friday, then tomorrow will be Friday, then tomorrow
<|bos|>The opposite of hot is the sun. The sun is the same as the sun. The sun is the
<|bos|>The planets of the solar system are: the sun is the sun's energy. The sun is the sun's energy.
<|bos|>My favorite color is the red or blue color. I have a lot of red and blue color.
<|bos|>If 5*x + 3 = 13, then x is 5*x + 3 = 13. If 5*x
2026-04-28 17:59:56,858 - nanochat.checkpoint_manager - INFO - Saved model parameters to: /root/nanochat/out/sweep_p29/29A_8T_TOP1_BASELINE_D8/depth_8/ckpt_remixed-linear/remixed-linear/model_002000.pt
2026-04-28 17:59:56,860 - nanochat.checkpoint_manager - INFO - Saved metadata to: /root/nanochat/out/sweep_p29/29A_8T_TOP1_BASELINE_D8/depth_8/ckpt_remixed-linear/remixed-linear/meta_002000.json
2026-04-28 17:59:58,048 - nanochat.checkpoint_manager - INFO - Saved optimizer state to: /root/nanochat/out/sweep_p29/29A_8T_TOP1_BASELINE_D8/depth_8/ckpt_remixed-linear/remixed-linear/optim_002000_rank0.pt
Removed previous periodic checkpoint at step 001800
step 02000/03808 (52.52%) | loss: 3.526575 | lrm: 0.95 | lr(adamw:8.251e-02, muon:1.437e-02) | dt: 892.41ms | tok/sec: 293,748 | bf16_mfu: 17.46 | epoch: 1 pq: 11 rg: 62 | total time: 28.78m | eta: 26.1m
  gate_stats | layers=44 | basis µ=nan σ=nan dead=nan% sat=nan% | out µ=0.788 σ=0.396 | ∇gate=0.000e+00 ∇struct=0.000e+00
2026-04-28 18:02:58,121 - nanochat.checkpoint_manager - INFO - Saved model parameters to: /root/nanochat/out/sweep_p29/29A_8T_TOP1_BASELINE_D8/depth_8/ckpt_remixed-linear/remixed-linear/model_002200.pt
2026-04-28 18:02:58,123 - nanochat.checkpoint_manager - INFO - Saved metadata to: /root/nanochat/out/sweep_p29/29A_8T_TOP1_BASELINE_D8/depth_8/ckpt_remixed-linear/remixed-linear/meta_002200.json
2026-04-28 18:02:59,365 - nanochat.checkpoint_manager - INFO - Saved optimizer state to: /root/nanochat/out/sweep_p29/29A_8T_TOP1_BASELINE_D8/depth_8/ckpt_remixed-linear/remixed-linear/optim_002200_rank0.pt
Removed previous periodic checkpoint at step 002000
step 02200/03808 (57.77%) | loss: 3.507562 | lrm: 0.84 | lr(adamw:7.338e-02, muon:1.278e-02) | dt: 872.17ms | tok/sec: 300,564 | bf16_mfu: 17.86 | epoch: 1 pq: 12 rg: 77 | total time: 31.76m | eta: 23.3m
  gate_stats | layers=44 | basis µ=nan σ=nan dead=nan% sat=nan% | out µ=0.782 σ=0.393 | ∇gate=0.000e+00 ∇struct=0.000e+00
